[www.photoaccess.org.au/index.html]
[backblue.gif]
[fade.gif]
[index.html]
[external.html]
[www.photoaccess.org.au/wp-content/themes/photoaccess/favicon.png]
[www.photoaccess.org.au/wp-content/themes/photoaccess/assets-built/css/screen5fcf.css]
[www.photoaccess.org.au/wp-includes/css/dist/block-library/style.min3c21.css]
[www.photoaccess.org.au/wp-content/plugins/woocommerce/assets/css/woocommerce-layoute248.css]
[www.photoaccess.org.au/wp-content/plugins/woocommerce/assets/css/woocommerce-smallscreene248.css]
[www.photoaccess.org.au/wp-content/plugins/woocommerce/assets/css/woocommercee248.css]
[www.photoaccess.org.au/wp-content/plugins/woocommerce-memberships/assets/css/frontend/wc-memberships-frontend.min055b.css]
[www.photoaccess.org.au/wp-includes/js/jquery/jqueryb8ff.js]
[www.photoaccess.org.au/wp-includes/js/jquery/jquery-migrate.min330a.js]
[www.photoaccess.org.au/wp-includes/js/jquery/ui/core.mine899.js]
[www.photoaccess.org.au/wp-includes/js/jquery/ui/widget.mine899.js]
[www.photoaccess.org.au/wp-content/themes/photoaccess/assets-built/js/bundlefee7.js]
[www.photoaccess.org.au/xmlrpc0db0.php]
[www.photoaccess.org.au/wp-json/index.html]
[www.photoaccess.org.au/wp-includes/wlwmanifest.xml]
[www.photoaccess.org.au/wp-json/oembed/1.0/embed00f2]
[www.photoaccess.org.au/wp-json/oembed/1.0/embedef2a]
[www.photoaccess.org.au/wp-content/plugins/simple-mail-address-encoder/smae8a54.js]
[www.photoaccess.org.au/about/index.html]
[www.photoaccess.org.au/events/index.html]
[www.photoaccess.org.au/see/see-upcoming/index.html]
[www.photoaccess.org.au/see/see-proposals/index.html]
[www.photoaccess.org.au/create/equipment-hire/index.html]
[www.photoaccess.org.au/create/artists-in-residence/index.html]
[www.photoaccess.org.au/wp-content/plugins/woocommerce/assets/js/js-cookie/js.cookie.min6b25.js]
[www.photoaccess.org.au/see/see-archive/index.html]
[www.photoaccess.org.au/join-support/membership/index.html]
[www.photoaccess.org.au/learn/classes/index.html]
[www.photoaccess.org.au/create/projects/index.html]
[www.photoaccess.org.au/join-support/donation/index.html]
[www.photoaccess.org.au/wp-content/plugins/woocommerce/assets/js/frontend/woocommerce.mine248.js]
[www.photoaccess.org.au/learn/schools-groups/index.html]
[www.photoaccess.org.au/create/darkroom/index.html]
[www.photoaccess.org.au/about/history/index.html]
[www.photoaccess.org.au/about/code-of-conduct/index.html]
[www.photoaccess.org.au/join-support/supporters-partners/index.html]
[www.photoaccess.org.au/wp-content/plugins/woocommerce/assets/js/frontend/cart-fragments.mine248.js]
[www.photoaccess.org.au/about/manuka-arts-centre/index.html]
[www.photoaccess.org.au/wp-includes/js/wp-embed.min3c21.js]
[www.photoaccess.org.au/about/people/index.html]
[www.photoaccess.org.au/create/create-services/index.html]
[www.photoaccess.org.au/wp-content/themes/photoaccess/assets-src/js/jquery.touchSwipe.min.js]
[www.photoaccess.org.au/wp-content/themes/photoaccess/assets-src/js/slick.js]
[www.photoaccess.org.au/wp-content/themes/photoaccess/assets-src/js/jquery.selectric.min.js]
[www.photoaccess.org.au/index.html]
[www.photoaccess.org.au/xmlrpc.php]
[s.w.org/index.html]
[www.photoaccess.org.au/wp-json/oembed/1.0/embed00f2.json]
[www.photoaccess.org.au/wp-json/oembed/1.0/embedef2a]
[www.photoaccess.org.au/see/index.html]
[www.photoaccess.org.au/lost-password/index.html]
[www.photoaccess.org.au/learn/index.html]
[www.photoaccess.org.au/create/index.html]
[www.photoaccess.org.au/wp-content/themes/photoaccess/assets-built/js/bundle1189.js]
[www.photoaccess.org.au/wp-json/oembed/1.0/embedb227.json]
[www.photoaccess.org.au/wp-json/oembed/1.0/embed7989]
[www.photoaccess.org.au/wp-content/uploads/2019/04/woman-looking-shockedscared-while-working-at-a-computer-clip-art-400597-300x204.jpg]
[www.photoaccess.org.au/wp-content/uploads/2019/04/19.04.04-48-of-94-300x200.jpg]
[www.photoaccess.org.au/events/index.html]
[www.photoaccess.org.au/wp-content/themes/photoaccess/assets-built/js/bundleac3a.js]
[www.photoaccess.org.au/event/annual-general-meeting/index.html]
[www.photoaccess.org.au/event/how-to-write-an-exhibition-application/index.html]
[www.photoaccess.org.au/wp-json/oembed/1.0/embed3a55.json]
[www.photoaccess.org.au/wp-json/oembed/1.0/embed859e]
[www.photoaccess.org.au/wp-content/uploads/2019/03/GemmaFischerPhotography-11-1024x683.jpg]
[www.photoaccess.org.au/wp-content/uploads/2019/03/2017AnnualReport_FINAL.pdf]
[www.photoaccess.org.au/wp-content/uploads/2017/05/2016AnnualReport_FINAL.sml_.pdf]
[www.photoaccess.org.au/wp-content/uploads/2019/03/PhotoAccessAnnualReport2015.pdf]
[www.photoaccess.org.au/about/index.html]
[www.photoaccess.org.au/contact/index.html]
[www.photoaccess.org.au/venue-hire/index.html]
[www.photoaccess.org.au/wp-content/themes/photoaccess/assets-built/js/bundlea5f5.js]
[www.photoaccess.org.au/wp-json/oembed/1.0/embed9325.json]
[www.photoaccess.org.au/gift-vouchers/index.html]
[www.photoaccess.org.au/see/see-upcoming/index.html]
[www.photoaccess.org.au/wp-json/oembed/1.0/embed6e60]
[www.photoaccess.org.au/see/exhibitions/index.html]
[www.photoaccess.org.au/see/exhibitions/dieback/index.html]
[www.photoaccess.org.au/see/exhibitions/tracing-silence/index.html]
[www.photoaccess.org.au/see/exhibitions/louise-curham-lynn-loo/index.html]
[www.photoaccess.org.au/see/exhibitions/stillness-and-rest/index.html]
[www.photoaccess.org.au/see/exhibitions/luminous-range/index.html]
[www.photoaccess.org.au/wp-content/themes/photoaccess/assets-built/js/bundlefce2.js]
[www.photoaccess.org.au/see/exhibitions/dark-matter/index.html]
[www.photoaccess.org.au/see/exhibitions/double-exposure/index.html]
[www.photoaccess.org.au/see/exhibitions/australasian-beauty/index.html]
[www.photoaccess.org.au/see/exhibitions/personal-photography-project/index.html]
[www.photoaccess.org.au/wp-json/oembed/1.0/embed26b7.json]
[www.photoaccess.org.au/see/exhibitions/now-you-see-me-visualising-the-surveillance-state/index.html]
[www.photoaccess.org.au/see/see-archive/index.html]
[www.photoaccess.org.au/wp-json/oembed/1.0/embed8edf]
[www.photoaccess.org.au/see/exhibitions/seen-heard/index.html]
[www.photoaccess.org.au/see/exhibitions/semiotics-club/index.html]
[www.photoaccess.org.au/see/exhibitions/cit-residency-exhibition/index.html]
[www.photoaccess.org.au/see/exhibitions/it-takes-a-village/index.html]
[www.photoaccess.org.au/wp-content/plugins/gravityforms/css/formreset.min2f91.css]
[www.photoaccess.org.au/see/exhibitions/boreal/index.html]
[www.photoaccess.org.au/see/exhibitions/ass-residency-exhibition/index.html]
[www.photoaccess.org.au/wp-content/plugins/gravityforms/css/formsmain.min2f91.css]
[www.photoaccess.org.au/see/exhibitions/taglietti-people/index.html]
[www.photoaccess.org.au/see/exhibitions/eass-residency-exhibition/index.html]
[www.photoaccess.org.au/see/exhibitions/dark-matter-residency-exhibition/index.html]
[www.photoaccess.org.au/see/exhibitions/points-of-contact/index.html]
[www.photoaccess.org.au/see/exhibitions/in-focus-residency-exhibition/index.html]
[www.photoaccess.org.au/wp-content/plugins/gravityforms/css/readyclass.min2f91.css]
[www.photoaccess.org.au/see/exhibitions/the-fall/index.html]
[www.photoaccess.org.au/wp-content/plugins/gravityforms/css/browsers.min2f91.css]
[www.photoaccess.org.au/see/exhibitions/moment/index.html]
[www.photoaccess.org.au/see/exhibitions/light-preserved/index.html]
[www.photoaccess.org.au/see/exhibitions/journey-reluctantly-taken/index.html]
[www.photoaccess.org.au/see/exhibitions/postcard-exotica/index.html]
[www.photoaccess.org.au/see/exhibitions/take-shape/index.html]
[www.photoaccess.org.au/see/exhibitions/personal-photography-project-exhibition/index.html]
[www.photoaccess.org.au/wp-includes/js/plupload/moxie.mine34c.js]
[www.photoaccess.org.au/see/exhibitions/welcomenotwelcome/index.html]
[www.photoaccess.org.au/see/exhibitions/1262/index.html]
[www.photoaccess.org.au/see/exhibitions/cultured/index.html]
[www.photoaccess.org.au/wp-includes/js/plupload/plupload.min6c17.js]
[www.photoaccess.org.au/see/exhibitions/ask-us-what-we-want/index.html]
[www.photoaccess.org.au/see/exhibitions/american-daydream/index.html]
[www.photoaccess.org.au/see/exhibitions/a-long-distance-relationship-one-to-three/index.html]
[www.photoaccess.org.au/wp-content/plugins/gravityforms/js/jquery.json.min2f91.js]
[www.photoaccess.org.au/see/exhibitions/synergies/index.html]
[www.photoaccess.org.au/see/exhibitions/the-spirit-within-australia-the-land-and-the-people/index.html]
[www.photoaccess.org.au/see/exhibitions/beyond-bestimmung/index.html]
[www.photoaccess.org.au/see/exhibitions/im-wrapped-up-in-you/index.html]
[www.photoaccess.org.au/see/exhibitions/artefact/index.html]
[www.photoaccess.org.au/wp-content/plugins/gravityforms/js/gravityforms.min2f91.js]
[www.photoaccess.org.au/see/exhibitions/the-view-from-here-a-photoaccess-members-exhibition/index.html]
[www.photoaccess.org.au/see/exhibitions/1240/index.html]
[www.photoaccess.org.au/see/exhibitions/we-were-here/index.html]
[www.photoaccess.org.au/wp-content/plugins/gravityforms/js/jquery.textareaCounter.plugin.min2f91.js]
[www.photoaccess.org.au/see/exhibitions/the-in-between/index.html]
[www.photoaccess.org.au/see/exhibitions/breakitup/index.html]
[www.photoaccess.org.au/see/exhibitions/cit-graduate-residency-exhibition-award-exhibition/index.html]
[www.photoaccess.org.au/see/exhibitions/anu-school-of-art-eass-residency-exhibition-award-2/index.html]
[www.photoaccess.org.au/see/exhibitions/anu-school-of-art-eass-residency-exhibition-award/index.html]
[www.photoaccess.org.au/wp-content/plugins/gravityforms/js/placeholders.jquery.min2f91.js]
[www.photoaccess.org.au/see/exhibitions/redbrickroad/index.html]
[www.photoaccess.org.au/see/exhibitions/a-construct/index.html]
[www.photoaccess.org.au/see/exhibitions/cloakroom-institutional/index.html]
[www.photoaccess.org.au/see/exhibitions/muse/index.html]
[www.photoaccess.org.au/see/exhibitions/other-peoples-lives/index.html]
[www.photoaccess.org.au/see/exhibitions/where-we-walk/index.html]
[www.photoaccess.org.au/see/exhibitions/provenance/index.html]
[www.photoaccess.org.au/wp-content/themes/photoaccess/assets-built/js/bundle7384.js]
[www.photoaccess.org.au/see/exhibitions/next-generation-solomon-islands-after-ramsi/index.html]
[www.photoaccess.org.au/see/exhibitions/community-honour/index.html]
[www.photoaccess.org.au/see/exhibitions/let-me-imagine-you/index.html]
[www.photoaccess.org.au/see/exhibitions/all-killer/index.html]
[www.photoaccess.org.au/wp-json/oembed/1.0/embedf471.json]
[www.photoaccess.org.au/see/exhibitions/mill-binna/index.html]
[www.photoaccess.org.au/see/exhibitions/they-blew-up-the-hospital-i-was-born-in/index.html]
[www.photoaccess.org.au/see/exhibitions/failing-to-communicate/index.html]
[www.photoaccess.org.au/see/exhibitions/chinese-whispers-and-other-stories/index.html]
[www.photoaccess.org.au/see/exhibitions/quanta/index.html]
[www.photoaccess.org.au/see/exhibitions/suburban-spirits/index.html]
[www.photoaccess.org.au/see/exhibitions/296/index.html]
[www.photoaccess.org.au/see/exhibitions/face2face/index.html]
[www.photoaccess.org.au/wp-json/oembed/1.0/embede828]
[www.photoaccess.org.au/see/exhibitions/the-one/index.html]
[www.photoaccess.org.au/see/exhibitions/planetary-gardening/index.html]
[www.photoaccess.org.au/see/exhibitions/finlandia-hymn/index.html]
[www.photoaccess.org.au/see/exhibitions/right-hear-right-now/index.html]
[www.photoaccess.org.au/see/exhibitions/move-up-to-the-views/index.html]
[www.photoaccess.org.au/see/exhibitions/fringe-dwellings/index.html]
[www.photoaccess.org.au/wp-content/uploads/2019/03/Screen-Shot-2019-03-27-at-1.04.05-pm.png]
[www.photoaccess.org.au/see/exhibitions/in-sequence/index.html]
[www.photoaccess.org.au/see/exhibitions/1167/index.html]
[www.photoaccess.org.au/wp-content/uploads/2019/03/Gallery-Floorplan.pdf]
[www.photoaccess.org.au/see/see-proposals/index.html]
[www.photoaccess.org.au/wp-content/uploads/2019/03/The-Fine-Print.pdf]
[www.photoaccess.org.au/wp-content/themes/photoaccess/assets-built/js/bundled222.js]
[www.photoaccess.org.au/wp-json/oembed/1.0/embed2b93.json]
[www.photoaccess.org.au/wp-json/oembed/1.0/embed1984]
[www.photoaccess.org.au/wp-content/uploads/2017/07/c.jpg]
[www.photoaccess.org.au/wp-content/uploads/2017/05/Darkroom_crop1.jpg]
[www.photoaccess.org.au/wp-content/uploads/2019/02/38776-11_phelan.birds_.jpg]
[www.photoaccess.org.au/wp-content/uploads/2019/04/enews.jpg]
[www.photoaccess.org.au/learn/classes/after-darkroom/index.html]
[www.photoaccess.org.au/learn/classes/back-to-the-darkroom/index.html]
[www.photoaccess.org.au/learn/classes/plastic-fantastic/index.html]
[www.photoaccess.org.au/wp-content/uploads/2018/06/31317680_1819738498090745_1241061659519221760_o-1024x683.jpg]
[www.photoaccess.org.au/wp-content/uploads/2017/08/Computer-3-1024x683.jpg]
[www.photoaccess.org.au/learn/classes/sunprinting-place/index.html]
[www.photoaccess.org.au/learn/classes/digital-photography-basics-autumn/index.html]
[www.photoaccess.org.au/wp-content/uploads/2019/04/38776-8_jackson2.jpg]
[www.photoaccess.org.au/learn/classes/digital-toolbox-lightroom/index.html]
[www.photoaccess.org.au/wp-content/uploads/2018/12/landscape-workshop-1024x827.jpg]
[www.photoaccess.org.au/wp-content/uploads/2019/04/Screen-Shot-2019-04-10-at-4.40.48-pm.png]
[www.photoaccess.org.au/learn/classes/index.html]
[www.photoaccess.org.au/learn/classes/bakelite/index.html]
[www.photoaccess.org.au/learn/classes/introduction-to-black-and-white-darkroom/index.html]
[www.photoaccess.org.au/learn/classes/city-noir/index.html]
[www.photoaccess.org.au/wp-content/themes/photoaccess/assets-built/js/bundlefd7c.js]
[www.photoaccess.org.au/wp-json/oembed/1.0/embedfe55.json]
[www.photoaccess.org.au/wp-json/oembed/1.0/embedeb0f]
[www.photoaccess.org.au/learn/schools-groups/index.html]
[www.photoaccess.org.au/wp-content/uploads/2017/05/SchoolDarkroomCourse_crop.jpg]
[www.photoaccess.org.au/wp-json/oembed/1.0/embed59b2.json]
[www.photoaccess.org.au/wp-content/themes/photoaccess/assets-built/js/bundle1837.js]
[www.photoaccess.org.au/wp-json/oembed/1.0/embede57e]
[www.photoaccess.org.au/wp-content/uploads/2017/09/res_group-672x480.jpg]
[www.photoaccess.org.au/wp-content/uploads/2017/05/Scanner-1-672x480.jpg]
[www.photoaccess.org.au/wp-content/uploads/2017/09/Darkoom-1_16_9-672x480.jpg]
[www.photoaccess.org.au/create/artists-in-residence/index.html]
[www.photoaccess.org.au/create/artists-in-residence/call-out/index.html]
[www.photoaccess.org.au/create/artists-in-residence/current-residents/index.html]
[www.photoaccess.org.au/create/artists-in-residence/archive/index.html]
[www.photoaccess.org.au/wp-content/themes/photoaccess/assets-built/js/bundle452b.js]
[www.photoaccess.org.au/wp-json/oembed/1.0/embedbb13.json]
[www.photoaccess.org.au/wp-json/oembed/1.0/embedf6fe]
[www.photoaccess.org.au/create/darkroom/index.html]
[www.photoaccess.org.au/wp-content/uploads/2017/05/Darkroom_crop2fade.jpg]
[www.photoaccess.org.au/wp-content/themes/photoaccess/assets-built/js/bundlecb84.js]
[www.photoaccess.org.au/wp-json/oembed/1.0/embed7024.json]
[www.photoaccess.org.au/wp-json/oembed/1.0/embed186e]
[www.photoaccess.org.au/wp-content/uploads/2017/05/Camera-crop.jpg]
[www.photoaccess.org.au/create/equipment-hire/index.html]
[www.photoaccess.org.au/wp-content/themes/photoaccess/assets-built/js/bundle5e47.js]
[www.photoaccess.org.au/wp-json/oembed/1.0/embed0c30.json]
[www.photoaccess.org.au/wp-json/oembed/1.0/embed4510]
[www.photoaccess.org.au/wp-content/uploads/2017/05/film-1-crop.jpg]
[www.photoaccess.org.au/create/create-services/index.html]
[www.photoaccess.org.au/wp-json/oembed/1.0/embed27f6.json]
[www.photoaccess.org.au/wp-content/themes/photoaccess/assets-built/js/bundle7b9e.js]
[www.photoaccess.org.au/create/projects/index.html]
[www.photoaccess.org.au/wp-json/oembed/1.0/embedf7a1]
[www.photoaccess.org.au/wp-content/themes/photoaccess/assets-built/js/bundlea189.js]
[www.photoaccess.org.au/wp-json/oembed/1.0/embed479b.json]
[www.photoaccess.org.au/join-support/membership/index.html]
[www.photoaccess.org.au/wp-json/oembed/1.0/embed64bd]
[www.photoaccess.org.au/wp-content/plugins/gravityformsstripe/css/frontendfc99.css]
[www.photoaccess.org.au/wp-content/plugins/gravityforms/js/conditional_logic.min2f91.js]
[www.photoaccess.org.au/wp-content/plugins/gravityformsstripe/js/frontendfc99.js]
[www.photoaccess.org.au/wp-content/themes/photoaccess/assets-built/js/bundlef052.js]
[www.photoaccess.org.au/wp-json/oembed/1.0/embedffdd.json]
[www.photoaccess.org.au/join-support/donation/index.html]
[www.photoaccess.org.au/wp-json/oembed/1.0/embed618f]
[www.photoaccess.org.au/wp-content/themes/photoaccess/assets-built/js/bundleaf91.js]
[www.photoaccess.org.au/wp-json/oembed/1.0/embed1488.json]
[www.photoaccess.org.au/wp-json/oembed/1.0/embed4280]
[www.photoaccess.org.au/join-support/supporters-partners/_blank]
[www.photoaccess.org.au/wp-content/uploads/2017/05/Supported_by_ACTGovt.jpg]
[www.photoaccess.org.au/wp-content/uploads/2017/05/VACS-ACT-black-1.jpg]
[www.photoaccess.org.au/join-support/supporters-partners/index.html]
[www.photoaccess.org.au/wp-content/uploads/2017/09/logos_mailchimp_ed..jpg]
[www.photoaccess.org.au/wp-content/themes/photoaccess/assets-built/js/bundle1c02.js]
[www.photoaccess.org.au/wp-json/oembed/1.0/embed1a16.json]
[www.photoaccess.org.au/wp-json/oembed/1.0/embed12fd]
[www.photoaccess.org.au/wp-content/uploads/2017/05/Kirsten.B-238x300.jpg]
[www.photoaccess.org.au/wp-content/uploads/2017/08/thea.BW_-238x300.jpg]
[www.photoaccess.org.au/wp-content/uploads/2017/07/Kristy_Cropped-237x300.jpg]
[www.photoaccess.org.au/wp-content/uploads/2017/05/Robert_Cropped-237x300.jpg]
[www.photoaccess.org.au/wp-content/uploads/2017/07/MarkWebRes-bw-229x300.jpg]
[www.photoaccess.org.au/wp-content/uploads/2017/07/BrianWebRes-bw-229x300.jpg]
[www.photoaccess.org.au/wp-content/uploads/2017/07/RussWebRes-bw-238x300.jpg]
[www.photoaccess.org.au/wp-content/uploads/2017/07/DonWebRes-bw-230x300.jpg]
[www.photoaccess.org.au/wp-content/uploads/2017/07/GlennWebRes-bw-237x300.jpg]
[www.photoaccess.org.au/wp-content/uploads/2017/07/RowanWebRes-bw-229x300.jpg]
[www.photoaccess.org.au/about/people/index.html]
[www.photoaccess.org.au/wp-content/uploads/2017/05/annie-238x300.jpg]
[www.photoaccess.org.au/wp-json/oembed/1.0/embede88f.json]
[www.photoaccess.org.au/wp-content/themes/photoaccess/assets-built/js/bundle35a8.js]
[www.photoaccess.org.au/wp-json/oembed/1.0/embedc877]
[www.photoaccess.org.au/wp-content/uploads/2017/05/HisotryPA-1-1024x550.jpg]
[www.photoaccess.org.au/about/history/index.html]
[www.photoaccess.org.au/wp-json/oembed/1.0/embedb511.json]
[www.photoaccess.org.au/about/code-of-conduct/index.html]
[www.photoaccess.org.au/wp-json/oembed/1.0/embeda44a]
[www.photoaccess.org.au/wp-content/themes/photoaccess/assets-built/js/bundle6770.js]
[www.photoaccess.org.au/wp-json/oembed/1.0/embed6d6d.json]
[www.photoaccess.org.au/wp-content/themes/photoaccess/assets-built/js/bundlee007.js]
[www.photoaccess.org.au/wp-json/oembed/1.0/embedd81c]
[www.photoaccess.org.au/wp-content/uploads/2017/05/Manuka_Arts_Centre.jpg]
[www.photoaccess.org.au/about/manuka-arts-centre/index.html]
[www.photoaccess.org.au/my-account/index.html]
[www.photoaccess.org.au/wp-json/oembed/1.0/embedf89b.json]
[www.photoaccess.org.au/wp-content/themes/photoaccess/assets-built/js/bundle917b.js]
[www.photoaccess.org.au/lost-password/index.html]
[www.photoaccess.org.au/wp-json/oembed/1.0/embeda8b5]
[www.photoaccess.org.au/wp-content/themes/photoaccess/assets-built/js/bundleaa64.js]
[www.photoaccess.org.au/wp-json/oembed/1.0/embede846.json]
[www.photoaccess.org.au/wp-json/oembed/1.0/embedb575]
[www.photoaccess.org.au/wp-content/uploads/2018/06/31317680_1819738498090745_1241061659519221760_o-672x480.jpg]
[www.photoaccess.org.au/wp-content/uploads/2017/07/c-672x480.jpg]
[www.photoaccess.org.au/learn/index.html]
[www.photoaccess.org.au/wp-json/oembed/1.0/embede049.json]
[www.photoaccess.org.au/wp-content/themes/photoaccess/assets-built/js/bundle4d67.js]
[www.photoaccess.org.au/wp-json/oembed/1.0/embed3d38]
[www.photoaccess.org.au/wp-content/uploads/2017/08/darkroom1-672x480.jpg]
[www.photoaccess.org.au/wp-content/uploads/2017/07/2017_lighting-set-up_web-672x480.jpg]
[www.photoaccess.org.au/create/index.html]
[www.photoaccess.org.au/join-support/index.html]
[www.photoaccess.org.au/index8372.html]
[www.photoaccess.org.au/wp-content/plugins/gravityforms/js/jquery.maskedinput.min2f91.js]
[www.photoaccess.org.au/wp-content/themes/photoaccess/assets-built/js/bundle1539.js]
[www.photoaccess.org.au/wp-json/oembed/1.0/embedb2fd.json]
[www.photoaccess.org.au/wp-json/oembed/1.0/embedfe1f]
[www.photoaccess.org.au/wp-content/uploads/2019/04/woman-looking-shockedscared-while-working-at-a-computer-clip-art-400597.jpg]
[www.photoaccess.org.au/event/how-to-write-an-exhibition-application/index.html]
[www.photoaccess.org.au/wp-content/plugins/gravityforms/images/spinner.gif]
[www.photoaccess.org.au/wp-json/oembed/1.0/embed358f.json]
[www.photoaccess.org.au/wp-content/themes/photoaccess/assets-built/js/bundle0dd6.js]
[www.photoaccess.org.au/wp-json/oembed/1.0/embed9791]
[www.photoaccess.org.au/wp-content/uploads/2019/04/19.04.04-48-of-94-1024x683.jpg]
[www.photoaccess.org.au/wp-content/uploads/2019/04/Nomination-Form.pdf]
[www.photoaccess.org.au/wp-content/uploads/2019/04/Proxy-Form.pdf]
[www.photoaccess.org.au/event/annual-general-meeting/index.html]
[www.photoaccess.org.au/indexb93f.html]
[www.photoaccess.org.au/wp-json/oembed/1.0/embedf152.json]
[www.photoaccess.org.au/wp-content/themes/photoaccess/assets-built/js/bundlebab0.js]
[www.photoaccess.org.au/contact/index.html]
[www.photoaccess.org.au/wp-json/oembed/1.0/embed04bd]
[www.photoaccess.org.au/event/exhibition-openings-angus-mcgrath-mikhaila-jurkiewicz-tessa-rex/index.html]
[www.photoaccess.org.au/wp-content/themes/photoaccess/assets-built/js/bundle92b7.js]
[www.photoaccess.org.au/wp-json/oembed/1.0/embed85e3.json]
[www.photoaccess.org.au/wp-json/oembed/1.0/embed9332]
[www.photoaccess.org.au/wp-content/uploads/2017/05/TeachingRoom-1024x576.jpg]
[www.photoaccess.org.au/venue-hire/index.html]
[www.photoaccess.org.au/wp-json/oembed/1.0/embed6b6c.json]
[www.photoaccess.org.au/wp-content/themes/photoaccess/assets-built/js/bundle2aad.js]
[www.photoaccess.org.au/wp-json/oembed/1.0/embed0bae]
[www.photoaccess.org.au/wp-content/uploads/2017/05/StockWebres-8-1024x576.jpg]
[www.photoaccess.org.au/gift-vouchers/index.html]
[www.photoaccess.org.au/wp-content/themes/photoaccess/assets-built/js/bundle6f76.js]
[www.photoaccess.org.au/wp-json/oembed/1.0/embedf3df.json]
[www.photoaccess.org.au/see/exhibitions/index.html]
[www.photoaccess.org.au/indexba1b.html]
[www.photoaccess.org.au/wp-json/oembed/1.0/embed2b8c]
[www.photoaccess.org.au/wp-json/oembed/1.0/embed1fd0.json]
[www.photoaccess.org.au/wp-content/themes/photoaccess/assets-built/js/bundle5875.js]
[www.photoaccess.org.au/wp-json/oembed/1.0/embedd954]
[www.photoaccess.org.au/wp-content/uploads/2019/03/Diemer_3_33915.jpg]
[www.photoaccess.org.au/see/exhibitions/tracing-silence/index.html]
[www.photoaccess.org.au/wp-json/oembed/1.0/embed7307.json]
[www.photoaccess.org.au/wp-content/themes/photoaccess/assets-built/js/bundle8561.js]
[www.photoaccess.org.au/wp-json/oembed/1.0/embed8cd7]
[www.photoaccess.org.au/wp-content/uploads/2019/03/SCHULTE-Image-5-844x1024.jpg]
[www.photoaccess.org.au/see/exhibitions/stillness-and-rest/index.html]
[www.photoaccess.org.au/wp-json/oembed/1.0/embed2547.json]
[www.photoaccess.org.au/wp-content/themes/photoaccess/assets-built/js/bundle8948.js]
[www.photoaccess.org.au/wp-json/oembed/1.0/embed2af3]
[www.photoaccess.org.au/wp-content/uploads/2019/03/Screen-Shot-2019-03-26-at-2.42.23-pm-1024x681.png]
[www.photoaccess.org.au/see/exhibitions/dieback/index.html]
[www.photoaccess.org.au/wp-json/oembed/1.0/embed47ea.json]
[www.photoaccess.org.au/wp-content/themes/photoaccess/assets-built/js/bundle7ddb.js]
[www.photoaccess.org.au/wp-json/oembed/1.0/embed565c]
[www.photoaccess.org.au/wp-content/uploads/2019/03/04-Curham-2015-untitled-02-1024x606.jpg]
[www.photoaccess.org.au/see/exhibitions/louise-curham-lynn-loo/index.html]
[www.photoaccess.org.au/wp-content/themes/photoaccess/assets-built/js/bundlec0ed.js]
[www.photoaccess.org.au/wp-json/oembed/1.0/embed5b88.json]
[www.photoaccess.org.au/wp-json/oembed/1.0/embed9770]
[www.photoaccess.org.au/wp-content/uploads/2019/03/Mullens_Image2.jpg]
[www.photoaccess.org.au/see/exhibitions/australasian-beauty/index.html]
[www.photoaccess.org.au/wp-content/themes/photoaccess/assets-built/js/bundled1cb.js]
[www.photoaccess.org.au/wp-json/oembed/1.0/embedd098.json]
[www.photoaccess.org.au/wp-json/oembed/1.0/embed637e]
[www.photoaccess.org.au/see/exhibitions/luminous-range/index.html]
[www.photoaccess.org.au/wp-content/uploads/2019/03/hamilton_image3-1024x705.jpg]
[www.photoaccess.org.au/wp-content/themes/photoaccess/assets-built/js/bundlec316.js]
[www.photoaccess.org.au/wp-json/oembed/1.0/embedc3cd.json]
[www.photoaccess.org.au/see/exhibitions/double-exposure/index.html]
[www.photoaccess.org.au/wp-json/oembed/1.0/embedcdd9]
[www.photoaccess.org.au/wp-content/themes/photoaccess/assets-built/js/bundle2fb2.js]
[www.photoaccess.org.au/wp-json/oembed/1.0/embed2eb6.json]
[www.photoaccess.org.au/see/exhibitions/dark-matter/index.html]
[www.photoaccess.org.au/wp-json/oembed/1.0/embed0026]
[www.photoaccess.org.au/wp-content/themes/photoaccess/assets-built/js/bundleff21.js]
[www.photoaccess.org.au/wp-json/oembed/1.0/embed7631.json]
[www.photoaccess.org.au/see/exhibitions/personal-photography-project/index.html]
[www.photoaccess.org.au/wp-json/oembed/1.0/embed1ea0]
[www.photoaccess.org.au/wp-content/themes/photoaccess/assets-built/js/bundle61eb.js]
[www.photoaccess.org.au/wp-json/oembed/1.0/embedebc0.json]
[www.photoaccess.org.au/wp-json/oembed/1.0/embedb4cf]
[www.photoaccess.org.au/wp-content/uploads/2019/03/Cook_image6.png]
[www.photoaccess.org.au/see/exhibitions/now-you-see-me-visualising-the-surveillance-state/index.html]
[www.photoaccess.org.au/index4659.html]
[www.photoaccess.org.au/wp-content/themes/photoaccess/assets-built/js/bundle7d87.js]
[www.photoaccess.org.au/wp-json/oembed/1.0/embeda2b4.json]
[www.photoaccess.org.au/wp-json/oembed/1.0/embedccf3]
[www.photoaccess.org.au/wp-content/uploads/2018/12/Edited-3.jpg]
[www.photoaccess.org.au/see/exhibitions/it-takes-a-village/index.html]
[www.photoaccess.org.au/wp-content/themes/photoaccess/assets-built/js/bundle6e4b.js]
[www.photoaccess.org.au/wp-json/oembed/1.0/embede1f3.json]
[www.photoaccess.org.au/wp-json/oembed/1.0/embed9d0e]
[www.photoaccess.org.au/wp-content/uploads/2018/12/Angus-McGrath-Manifest-No.-1-detail-2018--1024x559.jpg]
[www.photoaccess.org.au/see/exhibitions/semiotics-club/index.html]
[www.photoaccess.org.au/wp-content/themes/photoaccess/assets-built/js/bundleecf1.js]
[www.photoaccess.org.au/wp-json/oembed/1.0/embed9cf7.json]
[www.photoaccess.org.au/wp-json/oembed/1.0/embed3e13]
[www.photoaccess.org.au/wp-content/uploads/2018/12/SIA_MikhailaJurkiewicz-1024x614.jpg]
[www.photoaccess.org.au/see/exhibitions/seen-heard/index.html]
[www.photoaccess.org.au/wp-content/themes/photoaccess/assets-built/js/bundle5f64.js]
[www.photoaccess.org.au/wp-json/oembed/1.0/embed578c.json]
[www.photoaccess.org.au/wp-json/oembed/1.0/embedab23]
[www.photoaccess.org.au/wp-content/uploads/2018/12/Rex_image4-1024x683.jpg]
[www.photoaccess.org.au/see/exhibitions/boreal/index.html]
[www.photoaccess.org.au/wp-content/themes/photoaccess/assets-built/js/bundlebeac.js]
[www.photoaccess.org.au/wp-json/oembed/1.0/embed2696.json]
[www.photoaccess.org.au/wp-json/oembed/1.0/embede3c4]
[www.photoaccess.org.au/wp-content/uploads/2018/07/In-Conversation-V2-1024x566.jpg]
[www.photoaccess.org.au/see/exhibitions/cit-residency-exhibition/index.html]
[www.photoaccess.org.au/wp-content/themes/photoaccess/assets-built/js/bundle4354.js]
[www.photoaccess.org.au/wp-json/oembed/1.0/embedd670.json]
[www.photoaccess.org.au/wp-json/oembed/1.0/embedc174]
[www.photoaccess.org.au/wp-content/uploads/2018/07/untitled1-1024x665.jpg]
[www.photoaccess.org.au/see/exhibitions/ass-residency-exhibition/index.html]
[www.photoaccess.org.au/wp-content/themes/photoaccess/assets-built/js/bundled1c8.js]
[www.photoaccess.org.au/wp-json/oembed/1.0/embeda404.json]
[www.photoaccess.org.au/wp-json/oembed/1.0/embedc07d]
[www.photoaccess.org.au/wp-content/uploads/2018/07/ambrotype004-892x1024.jpg]
[www.photoaccess.org.au/see/exhibitions/eass-residency-exhibition/index.html]
[www.photoaccess.org.au/wp-content/themes/photoaccess/assets-built/js/bundle40aa.js]
[www.photoaccess.org.au/wp-json/oembed/1.0/embed7174.json]
[www.photoaccess.org.au/wp-json/oembed/1.0/embed151f]
[www.photoaccess.org.au/wp-content/uploads/2018/11/rking37-819x1024.jpg]
[www.photoaccess.org.au/see/exhibitions/dark-matter-residency-exhibition/index.html]
[www.photoaccess.org.au/wp-json/oembed/1.0/embede360.json]
[www.photoaccess.org.au/wp-content/themes/photoaccess/assets-built/js/bundle4dab.js]
[www.photoaccess.org.au/wp-json/oembed/1.0/embedb508]
[www.photoaccess.org.au/wp-content/uploads/2018/07/Anja-Loughhead-An-Internet-Explorer-Quenbeyan-Studio-Portrait-3_2018-1024x692.jpg]
[www.photoaccess.org.au/see/exhibitions/in-focus-residency-exhibition/index.html]
[www.photoaccess.org.au/wp-content/themes/photoaccess/assets-built/js/bundle6c71.js]
[www.photoaccess.org.au/wp-json/oembed/1.0/embed25b8.json]
[www.photoaccess.org.au/wp-json/oembed/1.0/embed5bf8]
[www.photoaccess.org.au/see/exhibitions/taglietti-people/index.html]
[www.photoaccess.org.au/wp-content/uploads/2018/11/Enrico-Mark-Mohell-712x1024.jpg]
[www.photoaccess.org.au/wp-content/themes/photoaccess/assets-built/js/bundle1c11.js]
[www.photoaccess.org.au/wp-json/oembed/1.0/embed3708.json]
[www.photoaccess.org.au/wp-json/oembed/1.0/embed72ea]
[www.photoaccess.org.au/wp-content/uploads/2017/10/MyFather_JoshuaThomas-1024x683.jpg]
[www.photoaccess.org.au/see/exhibitions/points-of-contact/index.html]
[www.photoaccess.org.au/event/artists-in-conversation/index.html]
[www.photoaccess.org.au/wp-content/themes/photoaccess/assets-built/js/bundle88bc.js]
[www.photoaccess.org.au/wp-json/oembed/1.0/embed73cd.json]
[www.photoaccess.org.au/wp-json/oembed/1.0/embed5aae]
[www.photoaccess.org.au/wp-content/uploads/2017/10/Print_Invite_Falls_Creek_No76_November_2017-1024x554.jpg]
[www.photoaccess.org.au/see/exhibitions/the-fall/index.html]
[www.photoaccess.org.au/wp-content/themes/photoaccess/assets-built/js/bundle773d.js]
[www.photoaccess.org.au/wp-json/oembed/1.0/embedfcd0.json]
[www.photoaccess.org.au/wp-json/oembed/1.0/embedec8f]
[www.photoaccess.org.au/wp-content/uploads/2017/10/Chris-MarkMohell-1024x549.jpg]
[www.photoaccess.org.au/see/exhibitions/moment/index.html]
[www.photoaccess.org.au/wp-json/oembed/1.0/embedcad1.json]
[www.photoaccess.org.au/wp-json/oembed/1.0/embed6d52]
[www.photoaccess.org.au/wp-content/uploads/2018/07/Yvette-Perine-1024x683.jpg]
[www.photoaccess.org.au/see/exhibitions/take-shape/index.html]
[www.photoaccess.org.au/join-support/membership/indexd225.html]
[www.photoaccess.org.au/wp-content/themes/photoaccess/assets-built/js/bundle473f.js]
[www.photoaccess.org.au/wp-json/oembed/1.0/embed51a9.json]
[www.photoaccess.org.au/wp-json/oembed/1.0/embede283]
[www.photoaccess.org.au/wp-content/uploads/2018/07/Invitation-card-image-adam-luckhurst-1024x614.jpg]
[www.photoaccess.org.au/see/exhibitions/personal-photography-project-exhibition/index.html]
[www.photoaccess.org.au/wp-content/themes/photoaccess/assets-built/js/bundlea994.js]
[www.photoaccess.org.au/wp-json/oembed/1.0/embed94b1.json]
[www.photoaccess.org.au/wp-json/oembed/1.0/embed12de]
[www.photoaccess.org.au/wp-content/uploads/2017/10/Chloe-Gray-Light-Preserved-2.sml_-1024x838.jpg]
[www.photoaccess.org.au/see/exhibitions/light-preserved/index.html]
[www.photoaccess.org.au/wp-content/themes/photoaccess/assets-built/js/bundle42a1.js]
[www.photoaccess.org.au/wp-json/oembed/1.0/embedd5cc.json]
[www.photoaccess.org.au/wp-json/oembed/1.0/embed4086]
[www.photoaccess.org.au/wp-content/uploads/2017/10/Chloe_Diego-E-invite3.jpg]
[www.photoaccess.org.au/see/exhibitions/postcard-exotica/index.html]
[www.photoaccess.org.au/wp-json/oembed/1.0/embed4ab1.json]
[www.photoaccess.org.au/wp-content/themes/photoaccess/assets-built/js/bundle7219.js]
[www.photoaccess.org.au/wp-json/oembed/1.0/embed96b9]
[www.photoaccess.org.au/wp-content/uploads/2017/10/Untitled-25.jpg]
[www.photoaccess.org.au/see/exhibitions/journey-reluctantly-taken/index.html]
[www.photoaccess.org.au/wp-content/themes/photoaccess/assets-built/js/bundlea021.js]
[www.photoaccess.org.au/wp-json/oembed/1.0/embed539d.json]
[www.photoaccess.org.au/wp-json/oembed/1.0/embed703c]
[www.photoaccess.org.au/wp-content/uploads/2017/10/cloudP0rn-12x8-invite1-1024x683.jpg]
[www.photoaccess.org.au/see/exhibitions/welcomenotwelcome/index.html]
[www.photoaccess.org.au/wp-json/oembed/1.0/embed6b15.json]
[www.photoaccess.org.au/wp-content/themes/photoaccess/assets-built/js/bundle96b5.js]
[www.photoaccess.org.au/wp-json/oembed/1.0/embeda172]
[www.photoaccess.org.au/wp-content/uploads/2017/10/Grace-Blake-fabrication2sml-1024x724.png]
[www.photoaccess.org.au/see/exhibitions/1262/index.html]
[www.photoaccess.org.au/wp-json/oembed/1.0/embed5bd5.json]
[www.photoaccess.org.au/wp-content/themes/photoaccess/assets-built/js/bundlef73a.js]
[www.photoaccess.org.au/wp-json/oembed/1.0/embeddddc]
[www.photoaccess.org.au/wp-content/uploads/2017/10/Talia-1.edited-1024x563.jpg]
[www.photoaccess.org.au/see/exhibitions/a-long-distance-relationship-one-to-three/index.html]
[www.photoaccess.org.au/wp-content/themes/photoaccess/assets-built/js/bundleeab3.js]
[www.photoaccess.org.au/wp-json/oembed/1.0/embeda027.json]
[www.photoaccess.org.au/wp-json/oembed/1.0/embed97a8]
[www.photoaccess.org.au/see/exhibitions/ask-us-what-we-want/index.html]
[www.photoaccess.org.au/wp-content/uploads/2018/06/Invite_final3.jpg]
[www.photoaccess.org.au/wp-content/themes/photoaccess/assets-built/js/bundled045.js]
[www.photoaccess.org.au/wp-json/oembed/1.0/embed1c71.json]
[www.photoaccess.org.au/wp-json/oembed/1.0/embed831e]
[www.photoaccess.org.au/wp-content/uploads/2017/10/JosieCosgrove01_Cultured3X3-1-1024x549.jpg]
[www.photoaccess.org.au/see/exhibitions/cultured/index.html]
[www.photoaccess.org.au/wp-content/themes/photoaccess/assets-built/js/bundle5186.js]
[www.photoaccess.org.au/wp-json/oembed/1.0/embedb152.json]
[www.photoaccess.org.au/wp-json/oembed/1.0/embede40b]
[www.photoaccess.org.au/wp-content/uploads/2017/10/Invite_final.final_.jpg]
[www.photoaccess.org.au/see/exhibitions/american-daydream/index.html]
[www.photoaccess.org.au/wp-content/themes/photoaccess/assets-built/js/bundle7164.js]
[www.photoaccess.org.au/wp-json/oembed/1.0/embed30d5.json]
[www.photoaccess.org.au/wp-json/oembed/1.0/embed4484]
[www.photoaccess.org.au/wp-content/uploads/2017/10/E_Dahl_TheShortestDay_2018_video-still-1024x683.jpg]
[www.photoaccess.org.au/see/exhibitions/beyond-bestimmung/index.html]
[www.photoaccess.org.au/wp-content/themes/photoaccess/assets-built/js/bundle6433.js]
[www.photoaccess.org.au/wp-json/oembed/1.0/embed562b.json]
[www.photoaccess.org.au/wp-json/oembed/1.0/embed12a8]
[www.photoaccess.org.au/wp-content/uploads/2017/10/Re-Looking-Three-Energy-Matters-800x1024.jpg]
[www.photoaccess.org.au/see/exhibitions/synergies/index.html]
[www.photoaccess.org.au/wp-json/oembed/1.0/embed20e0.json]
[www.photoaccess.org.au/wp-content/themes/photoaccess/assets-built/js/bundlef534.js]
[www.photoaccess.org.au/wp-json/oembed/1.0/embedc284]
[www.photoaccess.org.au/wp-content/uploads/2017/10/elizabeth-mccrystal_throwaway-society1-1024x555.jpg]
[www.photoaccess.org.au/see/exhibitions/im-wrapped-up-in-you/index.html]
[www.photoaccess.org.au/wp-content/themes/photoaccess/assets-built/js/bundleeaa7.js]
[www.photoaccess.org.au/wp-json/oembed/1.0/embeded9e.json]
[www.photoaccess.org.au/wp-json/oembed/1.0/embed7dcf]
[www.photoaccess.org.au/wp-content/uploads/2017/10/Invite_Final3.jpg]
[www.photoaccess.org.au/see/exhibitions/the-spirit-within-australia-the-land-and-the-people/index.html]
[www.photoaccess.org.au/wp-content/themes/photoaccess/assets-built/js/bundle7730.js]
[www.photoaccess.org.au/wp-json/oembed/1.0/embed0e11.json]
[www.photoaccess.org.au/wp-json/oembed/1.0/embedb177]
[www.photoaccess.org.au/wp-content/uploads/2017/10/Invite_Final.jpg]
[www.photoaccess.org.au/see/exhibitions/artefact/index.html]
[www.photoaccess.org.au/wp-json/oembed/1.0/embed742b.json]
[www.photoaccess.org.au/wp-content/themes/photoaccess/assets-built/js/bundleb12f.js]
[www.photoaccess.org.au/wp-json/oembed/1.0/embed5468]
[www.photoaccess.org.au/see/exhibitions/we-were-here/index.html]
[www.photoaccess.org.au/wp-content/uploads/2017/10/Invite_Final5.jpg]
[www.photoaccess.org.au/wp-content/themes/photoaccess/assets-built/js/bundledd25.js]
[www.photoaccess.org.au/wp-json/oembed/1.0/embed2e53.json]
[www.photoaccess.org.au/wp-json/oembed/1.0/embed9044]
[www.photoaccess.org.au/wp-content/uploads/2017/10/Marie-lund_sml-4.jpg]
[www.photoaccess.org.au/see/exhibitions/1240/index.html]
[www.photoaccess.org.au/wp-content/themes/photoaccess/assets-built/js/bundlee6db.js]
[www.photoaccess.org.au/wp-json/oembed/1.0/embede06d.json]
[www.photoaccess.org.au/wp-json/oembed/1.0/embedacad]
[www.photoaccess.org.au/wp-content/uploads/2018/01/RichardGlover2017-1024x472.jpg]
[www.photoaccess.org.au/see/exhibitions/the-view-from-here-a-photoaccess-members-exhibition/index.html]
[www.photoaccess.org.au/join-support/membership/indexe762.html]
[www.photoaccess.org.au/wp-content/themes/photoaccess/assets-built/js/bundle550e.js]
[www.photoaccess.org.au/wp-json/oembed/1.0/embed6cca.json]
[www.photoaccess.org.au/wp-json/oembed/1.0/embed1c64]
[www.photoaccess.org.au/see/exhibitions/the-in-between/index.html]
[www.photoaccess.org.au/wp-content/uploads/2017/10/Bishop_09-1024x548.jpg]
[www.photoaccess.org.au/wp-content/themes/photoaccess/assets-built/js/bundleb963.js]
[www.photoaccess.org.au/wp-json/oembed/1.0/embedc302.json]
[www.photoaccess.org.au/wp-json/oembed/1.0/embedd5fe]
[www.photoaccess.org.au/wp-content/uploads/2017/10/Karena-Keys_Break-It-Up_-2017_digital-image_dimensions-variable-1024x715.jpg]
[www.photoaccess.org.au/see/exhibitions/breakitup/index.html]
[www.photoaccess.org.au/wp-content/themes/photoaccess/assets-built/js/bundle2785.js]
[www.photoaccess.org.au/wp-json/oembed/1.0/embede5c7.json]
[www.photoaccess.org.au/wp-json/oembed/1.0/embedb595]
[www.photoaccess.org.au/wp-content/uploads/2017/09/1-841x1024.jpg]
[www.photoaccess.org.au/see/exhibitions/anu-school-of-art-eass-residency-exhibition-award/index.html]
[www.photoaccess.org.au/wp-content/themes/photoaccess/assets-built/js/bundlef5aa.js]
[www.photoaccess.org.au/wp-json/oembed/1.0/embed12fd.json]
[www.photoaccess.org.au/wp-json/oembed/1.0/embedaf55]
[www.photoaccess.org.au/wp-content/uploads/2017/09/KIF4506-1024x577.jpg]
[www.photoaccess.org.au/wp-content/uploads/2017/09/KIF0291-1024x577.jpg]
[www.photoaccess.org.au/see/exhibitions/anu-school-of-art-eass-residency-exhibition-award-2/index.html]
[www.photoaccess.org.au/wp-content/themes/photoaccess/assets-built/js/bundle1627.js]
[www.photoaccess.org.au/wp-json/oembed/1.0/embed150c.json]
[www.photoaccess.org.au/wp-json/oembed/1.0/embed3ad7]
[www.photoaccess.org.au/wp-content/uploads/2017/09/Footprints_WEB-1024x683.jpg]
[www.photoaccess.org.au/wp-content/uploads/2017/09/Running-to-New-York_WEB-1024x768.jpg]
[www.photoaccess.org.au/see/exhibitions/cit-graduate-residency-exhibition-award-exhibition/index.html]
[www.photoaccess.org.au/wp-content/themes/photoaccess/assets-built/js/bundleccbc.js]
[www.photoaccess.org.au/wp-json/oembed/1.0/embed4472.json]
[www.photoaccess.org.au/wp-json/oembed/1.0/embed1e1b]
[www.photoaccess.org.au/wp-content/uploads/2017/09/JaneDuong_Chimney-stack_web.jpg]
[www.photoaccess.org.au/wp-content/uploads/2017/09/JaneDuong_Machine-bay-II_web.jpg]
[www.photoaccess.org.au/see/exhibitions/redbrickroad/index.html]
[www.photoaccess.org.au/wp-content/themes/photoaccess/assets-built/js/bundleefda.js]
[www.photoaccess.org.au/wp-json/oembed/1.0/embedfa90.json]
[www.photoaccess.org.au/wp-json/oembed/1.0/embed4882]
[www.photoaccess.org.au/wp-content/uploads/2017/09/Cloakroom-Attendant-small_web-1024x520.jpg]
[www.photoaccess.org.au/wp-content/uploads/2017/09/On-the-Presence-of-the-Public-small_web-683x1024.jpg]
[www.photoaccess.org.au/see/exhibitions/cloakroom-institutional/index.html]
[www.photoaccess.org.au/wp-content/themes/photoaccess/assets-built/js/bundled5d0.js]
[www.photoaccess.org.au/wp-json/oembed/1.0/embedcf75.json]
[www.photoaccess.org.au/wp-json/oembed/1.0/embed479f]
[www.photoaccess.org.au/wp-content/uploads/2017/09/DylanSmyth_Carrington-1-Promo_web-1024x683.jpg]
[www.photoaccess.org.au/see/exhibitions/a-construct/index.html]
[www.photoaccess.org.au/wp-content/themes/photoaccess/assets-built/js/bundle5c63.js]
[www.photoaccess.org.au/wp-json/oembed/1.0/embedcb2e.json]
[www.photoaccess.org.au/wp-json/oembed/1.0/embed2856]
[www.photoaccess.org.au/wp-content/uploads/2017/09/Hardy_Lohse_Nancy_on_couch_2017_web-1024x683.jpg]
[www.photoaccess.org.au/see/exhibitions/other-peoples-lives/index.html]
[www.photoaccess.org.au/wp-content/themes/photoaccess/assets-built/js/bundle1717.js]
[www.photoaccess.org.au/wp-json/oembed/1.0/embed3537.json]
[www.photoaccess.org.au/wp-json/oembed/1.0/embeda47b]
[www.photoaccess.org.au/wp-content/uploads/2017/08/2017_Muse_JenniSavigny_resized_WEB-1024x819.jpg]
[www.photoaccess.org.au/see/exhibitions/muse/index.html]
[www.photoaccess.org.au/wp-content/themes/photoaccess/assets-built/js/bundle7ec5.js]
[www.photoaccess.org.au/wp-json/oembed/1.0/embedea91.json]
[www.photoaccess.org.au/wp-json/oembed/1.0/embed0370]
[www.photoaccess.org.au/wp-content/uploads/2017/08/1.-Bob-McKendry-Training-night-2017-1024x683.jpg]
[www.photoaccess.org.au/wp-content/uploads/2017/08/2.-Lib-Ferreira-The-Crossing-2017-712x1024.jpg]
[www.photoaccess.org.au/wp-content/uploads/2017/08/4.-Rosina-Wainwright-Murray-River-Cliffs-SA-2016-843x1024.jpg]
[www.photoaccess.org.au/see/exhibitions/where-we-walk/index.html]
[www.photoaccess.org.au/wp-content/themes/photoaccess/assets-built/js/bundle0643.js]
[www.photoaccess.org.au/wp-json/oembed/1.0/embed0b3d.json]
[www.photoaccess.org.au/wp-json/oembed/1.0/embed12c0]
[www.photoaccess.org.au/wp-content/uploads/2017/08/2017_Invite_Davey_Final_E-1-1024x553.jpg]
[www.photoaccess.org.au/wp-content/uploads/2017/08/004_20170626_RAMSI_0003-1024x683.jpg]
[www.photoaccess.org.au/see/exhibitions/next-generation-solomon-islands-after-ramsi/index.html]
[www.photoaccess.org.au/wp-content/themes/photoaccess/assets-built/js/bundlea7b1.js]
[www.photoaccess.org.au/wp-json/oembed/1.0/embed5d2c.json]
[www.photoaccess.org.au/wp-json/oembed/1.0/embeda04f]
[www.photoaccess.org.au/see/exhibitions/provenance/index.html]
[www.photoaccess.org.au/wp-content/uploads/2017/08/2017_Invite_Dunn_Final_E-1-1024x553.jpg]
[www.photoaccess.org.au/wp-content/themes/photoaccess/assets-built/js/bundleb2e4.js]
[www.photoaccess.org.au/wp-json/oembed/1.0/embed1698.json]
[www.photoaccess.org.au/wp-json/oembed/1.0/embedcbb3]
[www.photoaccess.org.au/wp-content/uploads/2017/08/Invite_ATenison_email-1-1024x553.jpg]
[www.photoaccess.org.au/see/exhibitions/let-me-imagine-you/index.html]
[www.photoaccess.org.au/wp-content/themes/photoaccess/assets-built/js/bundle4e98.js]
[www.photoaccess.org.au/wp-json/oembed/1.0/embed7b53.json]
[www.photoaccess.org.au/wp-json/oembed/1.0/embed8cb8]
[www.photoaccess.org.au/wp-content/uploads/2017/08/Invite_FAmundsen_email-1-1024x553.jpg]
[www.photoaccess.org.au/see/exhibitions/community-honour/index.html]
[www.photoaccess.org.au/wp-content/themes/photoaccess/assets-built/js/bundle62eb.js]
[www.photoaccess.org.au/wp-json/oembed/1.0/embede30e.json]
[www.photoaccess.org.au/wp-json/oembed/1.0/embed8dce]
[www.photoaccess.org.au/wp-content/uploads/2017/08/Invite_JTaylor_email-1-1024x553.jpg]
[www.photoaccess.org.au/wp-content/uploads/2017/08/JessTaylor_portraits_of_monsters_2017_all_web.jpg]
[www.photoaccess.org.au/see/exhibitions/all-killer/index.html]
[www.photoaccess.org.au/wp-content/themes/photoaccess/assets-built/js/bundleab1d.js]
[www.photoaccess.org.au/wp-json/oembed/1.0/embed0d4a.json]
[www.photoaccess.org.au/wp-json/oembed/1.0/embed417b]
[www.photoaccess.org.au/see/exhibitions/mill-binna/index.html]
[www.photoaccess.org.au/wp-content/uploads/2017/07/Email_FinalInvite_KingSmith-1web-1024x553.jpg]
[www.photoaccess.org.au/wp-content/themes/photoaccess/assets-built/js/bundlee900.js]
[www.photoaccess.org.au/wp-json/oembed/1.0/embed04df.json]
[www.photoaccess.org.au/wp-json/oembed/1.0/embed7580]
[www.photoaccess.org.au/wp-content/uploads/2017/07/Sometimes-It-All-Just-Feels-Like-Too-Much-video-still-from-HD-Looped-Video2017-1024x576.jpg]
[www.photoaccess.org.au/see/exhibitions/they-blew-up-the-hospital-i-was-born-in/index.html]
[www.photoaccess.org.au/wp-content/themes/photoaccess/assets-built/js/bundledaeb.js]
[www.photoaccess.org.au/wp-json/oembed/1.0/embed4f2a.json]
[www.photoaccess.org.au/wp-json/oembed/1.0/embedb452]
[www.photoaccess.org.au/wp-content/uploads/2017/07/Sabrina-Invite-1web-1024x557.jpg]
[www.photoaccess.org.au/wp-content/uploads/2017/07/IMG_7049-1024x683.jpg]
[www.photoaccess.org.au/see/exhibitions/failing-to-communicate/index.html]
[www.photoaccess.org.au/wp-content/themes/photoaccess/assets-built/js/bundle116e.js]
[www.photoaccess.org.au/wp-json/oembed/1.0/embedd307.json]
[www.photoaccess.org.au/wp-json/oembed/1.0/embed746b]
[www.photoaccess.org.au/see/exhibitions/suburban-spirits/index.html]
[www.photoaccess.org.au/wp-content/uploads/2017/07/Invite_Email_Sean-OConnell-1web-1024x565.jpg]
[www.photoaccess.org.au/wp-content/themes/photoaccess/assets-built/js/bundlea2d2.js]
[www.photoaccess.org.au/wp-json/oembed/1.0/embed47e3.json]
[www.photoaccess.org.au/wp-json/oembed/1.0/embed9d69]
[www.photoaccess.org.au/see/exhibitions/quanta/index.html]
[www.photoaccess.org.au/wp-content/uploads/2017/07/Invite_Terizis-1024x553.jpg]
[www.photoaccess.org.au/wp-content/themes/photoaccess/assets-built/js/bundle6c48.js]
[www.photoaccess.org.au/wp-json/oembed/1.0/embedb2dd.json]
[www.photoaccess.org.au/wp-json/oembed/1.0/embed6982]
[www.photoaccess.org.au/wp-content/uploads/2017/07/PiaJohnsonFamilyResemblanceafterWittgenstein_detail-1024x554.jpg]
[www.photoaccess.org.au/see/exhibitions/chinese-whispers-and-other-stories/index.html]
[www.photoaccess.org.au/wp-content/themes/photoaccess/assets-built/js/bundle85a2.js]
[www.photoaccess.org.au/wp-json/oembed/1.0/embedb098.json]
[www.photoaccess.org.au/wp-json/oembed/1.0/embed6f52]
[www.photoaccess.org.au/see/exhibitions/face2face/index.html]
[www.photoaccess.org.au/wp-content/uploads/2017/07/Final-3WEB-1024x565.jpg]
[www.photoaccess.org.au/wp-content/themes/photoaccess/assets-built/js/bundle32ff.js]
[www.photoaccess.org.au/wp-json/oembed/1.0/embed0aa1.json]
[www.photoaccess.org.au/wp-json/oembed/1.0/embed7a44]
[www.photoaccess.org.au/wp-content/uploads/2017/07/Common-Ground-Invite_WEB-1024x566.jpg]
[www.photoaccess.org.au/see/exhibitions/296/index.html]
[www.photoaccess.org.au/wp-content/themes/photoaccess/assets-built/js/bundle6f6f.js]
[www.photoaccess.org.au/wp-json/oembed/1.0/embed27cd.json]
[www.photoaccess.org.au/wp-json/oembed/1.0/embed3a7e]
[www.photoaccess.org.au/wp-content/uploads/2017/07/Planetary-Gardening.jpg]
[www.photoaccess.org.au/wp-content/uploads/2017/07/Planetary-Gardening3.jpg]
[www.photoaccess.org.au/see/exhibitions/planetary-gardening/index.html]
[www.photoaccess.org.au/wp-content/themes/photoaccess/assets-built/js/bundle4cea.js]
[www.photoaccess.org.au/wp-json/oembed/1.0/embed895a.json]
[www.photoaccess.org.au/wp-json/oembed/1.0/embeda21f]
[www.photoaccess.org.au/wp-content/uploads/2017/05/Anja-Loughhead.jpg]
[www.photoaccess.org.au/see/exhibitions/finlandia-hymn/index.html]
[www.photoaccess.org.au/wp-content/themes/photoaccess/assets-built/js/bundleea60.js]
[www.photoaccess.org.au/wp-json/oembed/1.0/embed057c.json]
[www.photoaccess.org.au/wp-json/oembed/1.0/embedb8a8]
[www.photoaccess.org.au/wp-content/uploads/2017/05/Move-up-to-the-Views-copy-1WEB-1024x553.jpg]
[www.photoaccess.org.au/see/exhibitions/move-up-to-the-views/index.html]
[www.photoaccess.org.au/wp-content/uploads/2017/05/Invite.Untitled-21-1024x731.jpg]
[www.photoaccess.org.au/wp-content/themes/photoaccess/assets-built/js/bundle0297.js]
[www.photoaccess.org.au/wp-json/oembed/1.0/embed7854.json]
[www.photoaccess.org.au/wp-json/oembed/1.0/embed6174]
[www.photoaccess.org.au/see/exhibitions/right-hear-right-now/index.html]
[www.photoaccess.org.au/wp-content/uploads/2017/09/Invite_RightHearRightNow_1_print-1-1024x559.jpg]
[www.photoaccess.org.au/wp-content/themes/photoaccess/assets-built/js/bundle5e67.js]
[www.photoaccess.org.au/wp-json/oembed/1.0/embed850e.json]
[www.photoaccess.org.au/wp-json/oembed/1.0/embedf488]
[www.photoaccess.org.au/wp-content/uploads/2017/09/Invite_FringeDwellings_web-1-1024x559.jpg]
[www.photoaccess.org.au/wp-content/uploads/2017/09/11.DeanCross_FringeDwellings_installshow-1024x683.jpg]
[www.photoaccess.org.au/see/exhibitions/fringe-dwellings/index.html]
[www.photoaccess.org.au/wp-content/themes/photoaccess/assets-built/js/bundle5475.js]
[www.photoaccess.org.au/wp-json/oembed/1.0/embed275c.json]
[www.photoaccess.org.au/wp-json/oembed/1.0/embed9552]
[www.photoaccess.org.au/wp-content/uploads/2017/09/geoffreyDunn-1024x685.jpg]
[www.photoaccess.org.au/wp-content/uploads/2017/09/TheOne_Invite_Denise-1024x559.jpg]
[www.photoaccess.org.au/see/exhibitions/the-one/index.html]
[www.photoaccess.org.au/wp-content/themes/photoaccess/assets-built/js/bundle3871.js]
[www.photoaccess.org.au/wp-json/oembed/1.0/embed0aff.json]
[www.photoaccess.org.au/wp-json/oembed/1.0/embedb6a9]
[www.photoaccess.org.au/wp-content/uploads/2017/09/Invite_Madeline_web-1-1024x558.jpg]
[www.photoaccess.org.au/see/exhibitions/1167/index.html]
[www.photoaccess.org.au/wp-content/themes/photoaccess/assets-built/js/bundle0a66.js]
[www.photoaccess.org.au/wp-json/oembed/1.0/embed4e0e.json]
[www.photoaccess.org.au/wp-json/oembed/1.0/embed90a1]
[www.photoaccess.org.au/wp-content/uploads/2017/09/Shuttle-Commander-by-Brian-Stewart-2750px-1024x299.jpg]
[www.photoaccess.org.au/see/exhibitions/in-sequence/index.html]
[www.photoaccess.org.au/index6aed.html]
[www.photoaccess.org.au/indexcc0f.html]
[www.photoaccess.org.au/wp-content/themes/photoaccess/assets-built/js/bundle0a1d.js]
[www.photoaccess.org.au/wp-json/oembed/1.0/embedab17.json]
[www.photoaccess.org.au/wp-content/uploads/2018/07/WouterVandeVoorde-300x293.jpg]
[www.photoaccess.org.au/wp-json/oembed/1.0/embeda6fd]
[cdnjs.cloudflare.com/ajax/libs/select2/4.0.3/css/select2.min.css]
[www.photoaccess.org.au/learn/classes/back-to-the-darkroom/index.html]
[www.photoaccess.org.au/terms-and-conditions/index.html]
[cdnjs.cloudflare.com/ajax/libs/select2/4.0.3/js/select2.min.js]
[www.photoaccess.org.au/wp-content/themes/photoaccess/assets-built/js/bundle9a32.js]
[www.photoaccess.org.au/wp-json/oembed/1.0/embedfd58.json]
[www.photoaccess.org.au/learn/classes/after-darkroom/index.html]
[www.photoaccess.org.au/wp-json/oembed/1.0/embed46f0]
[www.photoaccess.org.au/wp-content/themes/photoaccess/assets-built/js/bundlee23a.js]
[www.photoaccess.org.au/wp-json/oembed/1.0/embedd56c.json]
[www.photoaccess.org.au/learn/classes/plastic-fantastic/index.html]
[www.photoaccess.org.au/wp-json/oembed/1.0/embed5d2c]
[www.photoaccess.org.au/wp-content/themes/photoaccess/assets-built/js/bundle7f1c.js]
[www.photoaccess.org.au/wp-json/oembed/1.0/embede687.json]
[www.photoaccess.org.au/wp-json/oembed/1.0/embed02ef]
[www.photoaccess.org.au/wp-content/uploads/2019/04/20180316_191706_e-225x300.jpg]
[www.photoaccess.org.au/wp-content/uploads/2019/04/IMG_7603.jpg]
[www.photoaccess.org.au/learn/classes/sunprinting-place/index.html]
[www.photoaccess.org.au/wp-content/themes/photoaccess/assets-built/js/bundlea1f4.js]
[www.photoaccess.org.au/wp-json/oembed/1.0/embedb232.json]
[www.photoaccess.org.au/learn/classes/digital-photography-basics-autumn/index.html]
[www.photoaccess.org.au/wp-json/oembed/1.0/embedfc7b]
[www.photoaccess.org.au/wp-content/themes/photoaccess/assets-built/js/bundle61bc.js]
[www.photoaccess.org.au/wp-json/oembed/1.0/embed5d0c.json]
[www.photoaccess.org.au/learn/classes/digital-toolbox-lightroom/index.html]
[www.photoaccess.org.au/wp-json/oembed/1.0/embed78d8]
[www.photoaccess.org.au/wp-content/themes/photoaccess/assets-built/js/bundlebbd0.js]
[www.photoaccess.org.au/learn/classes/digital-toolbox-photoshop/index.html]
[www.photoaccess.org.au/wp-json/oembed/1.0/embedf7bb.json]
[www.photoaccess.org.au/learn/classes/bakelite/index.html]
[www.photoaccess.org.au/wp-json/oembed/1.0/embeda146]
[www.photoaccess.org.au/wp-content/themes/photoaccess/assets-built/js/bundle6900.js]
[www.photoaccess.org.au/wp-json/oembed/1.0/embed1644.json]
[www.photoaccess.org.au/learn/classes/introduction-to-black-and-white-darkroom/index.html]
[www.photoaccess.org.au/wp-json/oembed/1.0/embed959d]
[www.photoaccess.org.au/wp-content/themes/photoaccess/assets-built/js/bundlee6e4.js]
[www.photoaccess.org.au/wp-json/oembed/1.0/embedb0d6.json]
[www.photoaccess.org.au/learn/classes/city-noir/index.html]
[www.photoaccess.org.au/wp-content/uploads/2019/04/Lynn-Smith-2018-by-Alexander-Moffatt-for-the-Australian-Centre-for-Photography-240x300.jpg]
[www.photoaccess.org.au/wp-json/oembed/1.0/embed6c4b]
[www.photoaccess.org.au/index1c40.html]
[www.photoaccess.org.au/index269b.html]
[www.photoaccess.org.au/wp-content/themes/photoaccess/assets-built/js/bundlec2ce.js]
[www.photoaccess.org.au/wp-json/oembed/1.0/embed24d8.json]
[www.photoaccess.org.au/create/artists-in-residence/current-residents/index.html]
[www.photoaccess.org.au/create/artists-in-residence/call-out/index.html]
[www.photoaccess.org.au/wp-json/oembed/1.0/embed4278]
[www.photoaccess.org.au/wp-content/themes/photoaccess/assets-built/js/bundle213c.js]
[www.photoaccess.org.au/wp-json/oembed/1.0/embed25fc.json]
[www.photoaccess.org.au/create/artists-in-residence/archive/index.html]
[www.photoaccess.org.au/index2cce.html]
[www.photoaccess.org.au/wp-json/oembed/1.0/embed7307]
[www.photoaccess.org.au/create/artists-in-residence/residencies/rory-king/index.html]
[www.photoaccess.org.au/create/artists-in-residence/residencies/anja-loughhead/index.html]
[www.photoaccess.org.au/create/artists-in-residence/residencies/recidency/index.html]
[www.photoaccess.org.au/index7665.html]
[www.photoaccess.org.au/index96f1.html]
[www.photoaccess.org.au/index8cae.html]
[www.photoaccess.org.au/index3fbb.html]
[www.photoaccess.org.au/create/artists-in-residence/residencies/anita-entriken/index.html]
[js.stripe.com/index.html]
[www.photoaccess.org.au/indexeffd.html]
[www.photoaccess.org.au/index8e15.html]
[www.photoaccess.org.au/join-support/supporters-partners/_blank.html]
[www.photoaccess.org.au/indexbde5.html]
[www.photoaccess.org.au/index287b.html]
[www.photoaccess.org.au/index735a.html]
[www.photoaccess.org.au/index6213.html]
[www.photoaccess.org.au/indexb018.html]
[www.photoaccess.org.au/index4579.html]
[www.photoaccess.org.au/index094d.html]
[www.photoaccess.org.au/index0885.html]
[www.photoaccess.org.au/indexa78d.html]
[www.photoaccess.org.au/indexe3b6.html]
[www.photoaccess.org.au/create/artists-in-residence/residencies/claire-warren/index.html]
[www.photoaccess.org.au/create/artists-in-residence/residencies/prue-hazelgrove/index.html]
[www.photoaccess.org.au/create/artists-in-residence/residencies/jennifer-minns/index.html]
[www.photoaccess.org.au/create/artists-in-residence/residencies/rickey-lloyd/index.html]
[www.photoaccess.org.au/create/artists-in-residence/residencies/in-focus/index.html]
[www.photoaccess.org.au/create/artists-in-residence/residencies/claire-williams/index.html]
[www.photoaccess.org.au/wp-content/themes/photoaccess/assets-built/js/bundlea8df.js]
[www.photoaccess.org.au/wp-json/oembed/1.0/embed85da.json]
[www.photoaccess.org.au/wp-json/oembed/1.0/embed12fd-2]
[www.photoaccess.org.au/event/exhibition-openings-angus-mcgrath-mikhaila-jurkiewicz-tessa-rex/index.html]
[www.photoaccess.org.au/wp-content/uploads/2019/01/Yukon-River-2-1024x682.jpg]
[www.photoaccess.org.au/index6cf3.html]
[www.photoaccess.org.au/index1098.html]
[www.photoaccess.org.au/index49b1.html]
[www.photoaccess.org.au/indexfcdb.html]
[www.photoaccess.org.au/index3486.html]
[www.photoaccess.org.au/indexfb7a.html]
[www.photoaccess.org.au/index74cf.html]
[www.photoaccess.org.au/index3248.html]
[www.photoaccess.org.au/index2d92.html]
[www.photoaccess.org.au/index2483.html]
[www.photoaccess.org.au/index8fb9.html]
[www.photoaccess.org.au/index1085.html]
[www.photoaccess.org.au/index9eb5.html]
[www.photoaccess.org.au/index1911.html]
[www.photoaccess.org.au/index9d63.html]
[www.photoaccess.org.au/index9c2a.html]
[www.photoaccess.org.au/index078c.html]
[www.photoaccess.org.au/indexe47c.html]
[www.photoaccess.org.au/indexc185.html]
[www.photoaccess.org.au/indexb913.html]
[www.photoaccess.org.au/index9934.html]
[www.photoaccess.org.au/indexd560.html]
[www.photoaccess.org.au/index6fbf.html]
[www.photoaccess.org.au/indexdc83.html]
[www.photoaccess.org.au/wp-content/themes/photoaccess/assets-built/js/bundle5ca4.js]
[www.photoaccess.org.au/wp-json/oembed/1.0/embedee02.json]
[www.photoaccess.org.au/wp-json/oembed/1.0/embed64fd]
[www.photoaccess.org.au/wp-content/uploads/2018/10/Girls5.jpg]
[www.photoaccess.org.au/event/artists-in-conversation/index.html]
[www.photoaccess.org.au/index3b28.html]
[www.photoaccess.org.au/index11bd.html]
[www.photoaccess.org.au/indexb663.html]
[www.photoaccess.org.au/join-support/membership/indexd225.html]
[www.photoaccess.org.au/index58dd.html]
[www.photoaccess.org.au/index904c.html]
[www.photoaccess.org.au/index1d4f.html]
[www.photoaccess.org.au/indexc78f.html]
[www.photoaccess.org.au/index4511.html]
[www.photoaccess.org.au/index7695.html]
[www.photoaccess.org.au/indexd59f.html]
[www.photoaccess.org.au/index621e.html]
[www.photoaccess.org.au/index3eeb.html]
[www.photoaccess.org.au/indexa69b.html]
[www.photoaccess.org.au/index3003.html]
[www.photoaccess.org.au/indexb09c.html]
[www.photoaccess.org.au/indexfb45.html]
[www.photoaccess.org.au/index80a2.html]
[www.photoaccess.org.au/index3e59.html]
[www.photoaccess.org.au/index6c69.html]
[www.photoaccess.org.au/index6cb3.html]
[www.photoaccess.org.au/index03e9.html]
[www.photoaccess.org.au/wp-content/themes/photoaccess/assets-built/js/bundlef170.js]
[www.photoaccess.org.au/join-support/membership/indexe762.html]
[www.photoaccess.org.au/index9e83.html]
[www.photoaccess.org.au/indexa5f9.html]
[www.photoaccess.org.au/indexc9ac.html]
[www.photoaccess.org.au/index817f.html]
[www.photoaccess.org.au/index080f.html]
[www.photoaccess.org.au/indexea31.html]
[www.photoaccess.org.au/indexdb34.html]
[www.photoaccess.org.au/index7849.html]
[www.photoaccess.org.au/index6b6b.html]
[www.photoaccess.org.au/index5998.html]
[www.photoaccess.org.au/indexaa07.html]
[www.photoaccess.org.au/index01e4.html]
[www.photoaccess.org.au/index61a9.html]
[www.photoaccess.org.au/index4c2b.html]
[www.photoaccess.org.au/indexb4d9.html]
[www.photoaccess.org.au/indexead7.html]
[www.photoaccess.org.au/index2e31.html]
[www.photoaccess.org.au/index1031.html]
[www.photoaccess.org.au/index52e8.html]
[www.photoaccess.org.au/index4720.html]
[www.photoaccess.org.au/indexf454.html]
[www.photoaccess.org.au/indexbc9e.html]
[www.photoaccess.org.au/index820e.html]
[www.photoaccess.org.au/index3e8e.html]
[www.photoaccess.org.au/index67bc.html]
[www.photoaccess.org.au/index8e01.html]
[www.photoaccess.org.au/indexff23.html]
[www.photoaccess.org.au/index275f.html]
[www.photoaccess.org.au/indexcd03.html]
[www.photoaccess.org.au/index084d.html]
[www.photoaccess.org.au/indexeab1.html]
[www.photoaccess.org.au/index5e52.html]
[www.photoaccess.org.au/index483a.html]
[www.photoaccess.org.au/wp-content/themes/photoaccess/assets-built/js/bundle6f38.js]
[www.photoaccess.org.au/wp-json/oembed/1.0/embed9ef6.json]
[www.photoaccess.org.au/terms-and-conditions/index.html]
[www.photoaccess.org.au/index79d5.html]
[www.photoaccess.org.au/indexa8c3.html]
[www.photoaccess.org.au/index7237.html]
[www.photoaccess.org.au/indexba56.html]
[www.photoaccess.org.au/index149a.html]
[www.photoaccess.org.au/learn/classes/digital-toolbox-photoshop/index.html]
[www.photoaccess.org.au/index7556.html]
[www.photoaccess.org.au/indexd988.html]
[www.photoaccess.org.au/index9dd4.html]
[www.photoaccess.org.au/indexf7f8.html]
[www.photoaccess.org.au/indexd526.html]
[www.photoaccess.org.au/wp-json/oembed/1.0/embed4df8]
[www.photoaccess.org.au/wp-content/themes/photoaccess/assets-built/js/bundle52d3.js]
[www.photoaccess.org.au/wp-json/oembed/1.0/embedbe1b.json]
[www.photoaccess.org.au/wp-json/oembed/1.0/embed4f9f]
[www.photoaccess.org.au/wp-content/uploads/2018/04/11-2-819x1024.jpg]
[www.photoaccess.org.au/create/artists-in-residence/residencies/rory-king/index.html]
[www.photoaccess.org.au/wp-content/themes/photoaccess/assets-built/js/bundle3c0b.js]
[www.photoaccess.org.au/wp-json/oembed/1.0/embed4024.json]
[www.photoaccess.org.au/wp-json/oembed/1.0/embed165d]
[www.photoaccess.org.au/wp-content/uploads/2018/04/06-Anja-Loughhead_The-Australian-Community-1-6_2015_charcoal-and-ink-on-found-publication-1024x864.jpg]
[www.photoaccess.org.au/create/artists-in-residence/residencies/anja-loughhead/index.html]
[www.photoaccess.org.au/wp-content/themes/photoaccess/assets-built/js/bundlef9a5.js]
[www.photoaccess.org.au/wp-json/oembed/1.0/embed7635.json]
[www.photoaccess.org.au/wp-json/oembed/1.0/embedaee8]
[www.photoaccess.org.au/wp-content/uploads/2018/01/lowres_room-1024x1022.jpg]
[www.photoaccess.org.au/create/artists-in-residence/residencies/claire-warren/index.html]
[www.photoaccess.org.au/wp-content/themes/photoaccess/assets-built/js/bundlec2da.js]
[www.photoaccess.org.au/wp-json/oembed/1.0/embed379e.json]
[www.photoaccess.org.au/wp-json/oembed/1.0/embed8b73]
[www.photoaccess.org.au/create/artists-in-residence/residencies/prue-hazelgrove/index.html]
[www.photoaccess.org.au/wp-content/uploads/2018/04/prue2.jpg]
[www.photoaccess.org.au/wp-content/themes/photoaccess/assets-built/js/bundlec052.js]
[www.photoaccess.org.au/wp-json/oembed/1.0/embed1202.json]
[www.photoaccess.org.au/wp-json/oembed/1.0/embed9c36]
[www.photoaccess.org.au/wp-content/uploads/2018/04/71A1723-Edit-2-1024x1024.jpg]
[www.photoaccess.org.au/create/artists-in-residence/residencies/anita-entriken/index.html]
[www.photoaccess.org.au/wp-json/oembed/1.0/embed58bc.json]
[www.photoaccess.org.au/wp-json/oembed/1.0/embed1991]
[www.photoaccess.org.au/wp-content/uploads/2017/07/Brickworks-1crop-1024x576.jpg]
[www.photoaccess.org.au/create/artists-in-residence/residencies/recidency/index.html]
[www.photoaccess.org.au/wp-content/themes/photoaccess/assets-built/js/bundle3300.js]
[www.photoaccess.org.au/wp-json/oembed/1.0/embed1a51.json]
[www.photoaccess.org.au/wp-json/oembed/1.0/embedb8dd]
[www.photoaccess.org.au/wp-content/uploads/2017/09/Indigenous-Marathon-Project-88.jpg]
[www.photoaccess.org.au/create/artists-in-residence/residencies/jennifer-minns/index.html]
[www.photoaccess.org.au/wp-content/themes/photoaccess/assets-built/js/bundle2d75.js]
[www.photoaccess.org.au/wp-json/oembed/1.0/embed0afc.json]
[www.photoaccess.org.au/wp-json/oembed/1.0/embedf1f7]
[www.photoaccess.org.au/wp-content/uploads/2017/09/ZAP9461-1024x683.jpg]
[www.photoaccess.org.au/wp-content/uploads/2017/09/KIF0829-1024x683.jpg]
[www.photoaccess.org.au/wp-content/uploads/2017/09/KIF0496_7_8Enhancer-1024x683.jpg]
[www.photoaccess.org.au/create/artists-in-residence/residencies/rickey-lloyd/index.html]
[www.photoaccess.org.au/wp-content/themes/photoaccess/assets-built/js/bundle87bf.js]
[www.photoaccess.org.au/wp-json/oembed/1.0/embed1450.json]
[www.photoaccess.org.au/wp-json/oembed/1.0/embed6856]
[www.photoaccess.org.au/wp-content/uploads/2017/08/A-Conversation-Alex-Hobba-2016-1024x576.png]
[www.photoaccess.org.au/create/artists-in-residence/residencies/in-focus/index.html]
[www.photoaccess.org.au/wp-content/themes/photoaccess/assets-built/js/bundle5155.js]
[www.photoaccess.org.au/wp-json/oembed/1.0/embed4c84.json]
[www.photoaccess.org.au/wp-json/oembed/1.0/embed3947]
[www.photoaccess.org.au/wp-content/uploads/2017/09/0014-copy-811x1024.jpg]
[www.photoaccess.org.au/create/artists-in-residence/residencies/claire-williams/index.html]
[www.photoaccess.org.au/index91ee.html]
[www.photoaccess.org.au/index3b37.html]
[www.photoaccess.org.au/indexc2d1.html]
[www.photoaccess.org.au/index082e.html]
[www.photoaccess.org.au/index1e14.html]
[www.photoaccess.org.au/index3be1.html]
[www.photoaccess.org.au/index881d.html]
[www.photoaccess.org.au/index7bb4.html]
[www.photoaccess.org.au/index7014.html]
[www.photoaccess.org.au/index2f6c.html]
[www.photoaccess.org.au/index9a65.html]
[www.photoaccess.org.au/indexa51f.html]
[www.photoaccess.org.au/index3c3e.html]
[www.photoaccess.org.au/wp-content/themes/photoaccess/favicon.html]
[www.photoaccess.org.au/wp-json/index.html]
[www.photoaccess.org.au/wp-includes/wlwmanifest.xml]
[www.photoaccess.org.au/wp-json/oembed/1.0/embed7989]
[www.photoaccess.org.au/wp-content/themes/photoaccess/fonts/Larsseit/stylesheet.css]
[www.photoaccess.org.au/wp-json/oembed/1.0/embed859e]
[www.photoaccess.org.au/wp-content/themes/photoaccess/assets-built/fonts/fontawesome-webfont3e6e.eot]
[www.photoaccess.org.au/wp-json/oembed/1.0/embed6e60]
[www.photoaccess.org.au/wp-content/themes/photoaccess/assets-built/fonts/fontawesome-webfontd41d.eot]
[www.photoaccess.org.au/wp-json/oembed/1.0/embed8edf]
[www.photoaccess.org.au/wp-json/oembed/1.0/embede828]
[www.photoaccess.org.au/wp-content/themes/photoaccess/assets-built/fonts/fontawesome-webfont3e6e.woff2]
[www.photoaccess.org.au/wp-json/oembed/1.0/embed1984]
[www.photoaccess.org.au/wp-content/themes/photoaccess/assets-built/fonts/fontawesome-webfont3e6e.woff]
[www.photoaccess.org.au/wp-content/themes/photoaccess/assets-built/fonts/fontawesome-webfont3e6e.ttf]
[www.photoaccess.org.au/wp-json/oembed/1.0/embede57e]
[www.photoaccess.org.au/wp-json/oembed/1.0/embedeb0f]
[www.photoaccess.org.au/wp-content/themes/photoaccess/assets-built/fonts/fontawesome-webfont3e6e.svg]
[www.photoaccess.org.au/wp-json/oembed/1.0/embedf6fe]
[www.photoaccess.org.au/wp-json/oembed/1.0/embed186e]
[www.photoaccess.org.au/wp-content/themes/photoaccess/assets-built/css/ajax-loader.246.delayed]
[www.photoaccess.org.au/wp-json/oembed/1.0/embedf7a1]
[www.photoaccess.org.au/wp-json/oembed/1.0/embed4510]
[www.photoaccess.org.au/wp-json/oembed/1.0/embed64bd]
[www.photoaccess.org.au/wp-json/oembed/1.0/embed618f]
[www.photoaccess.org.au/wp-content/themes/photoaccess/assets-built/css/fonts/slick.247.delayed]
[www.photoaccess.org.au/wp-json/oembed/1.0/embed4280]
[www.photoaccess.org.au/wp-json/oembed/1.0/embed12fd]
[www.photoaccess.org.au/wp-content/themes/photoaccess/assets-built/css/fonts/slick.248d41d.delayed]
[www.photoaccess.org.au/wp-json/oembed/1.0/embedc877]
[www.photoaccess.org.au/wp-content/themes/photoaccess/assets-built/css/fonts/slick.249.delayed]
[www.photoaccess.org.au/wp-json/oembed/1.0/embedd81c]
[www.photoaccess.org.au/wp-json/oembed/1.0/embeda44a]
[www.photoaccess.org.au/wp-content/themes/photoaccess/assets-built/css/fonts/slick.24a.delayed]
[www.photoaccess.org.au/wp-json/oembed/1.0/embeda8b5]
[www.photoaccess.org.au/wp-json/oembed/1.0/embedb575]
[www.photoaccess.org.au/wp-json/oembed/1.0/embed3d38]
[www.photoaccess.org.au/wp-content/themes/photoaccess/assets-built/css/fonts/slick.24b.delayed]
[www.photoaccess.org.au/wp-json/oembed/1.0/embedfe1f]
[www.photoaccess.org.au/wp-json/oembed/1.0/embed9791]
[www.photoaccess.org.au/wp-content/themes/photoaccess/img/icon-standard.svg]
[www.photoaccess.org.au/wp-json/oembed/1.0/embed04bd]
[www.photoaccess.org.au/wp-content/themes/photoaccess/img/icon-gallery.svg]
[www.photoaccess.org.au/wp-json/oembed/1.0/embed9332]
[www.photoaccess.org.au/wp-json/oembed/1.0/embed0bae]
[www.photoaccess.org.au/wp-content/themes/photoaccess/img/icon-close.svg]
[www.photoaccess.org.au/wp-json/oembed/1.0/embed2b8c]
[www.photoaccess.org.au/wp-json/oembed/1.0/embedd954]
[www.photoaccess.org.au/wp-content/themes/photoaccess/img/icon-close-white.svg]
[www.photoaccess.org.au/wp-json/oembed/1.0/embed8cd7]
[www.photoaccess.org.au/wp-content/themes/photoaccess/img/loading.gif]
[www.photoaccess.org.au/wp-json/oembed/1.0/embed565c]
[www.photoaccess.org.au/wp-json/oembed/1.0/embed2af3]
[www.photoaccess.org.au/wp-content/themes/photoaccess/img/icon-lock.svg]
[www.photoaccess.org.au/wp-json/oembed/1.0/embed9770]
[www.photoaccess.org.au/wp-json/oembed/1.0/embed637e]
[www.photoaccess.org.au/wp-json/oembed/1.0/embedcdd9]
[www.photoaccess.org.au/wp-content/themes/photoaccess/img/icon-arrow-down-white.png]
[www.photoaccess.org.au/wp-json/oembed/1.0/embed0026]
[www.photoaccess.org.au/wp-json/oembed/1.0/embed1ea0]
[www.photoaccess.org.au/wp-json/oembed/1.0/embedb4cf]
[www.photoaccess.org.au/wp-content/themes/photoaccess/img/icon-arrow-down.gif]
[www.photoaccess.org.au/wp-content/themes/photoaccess/assets-built/css/screen5fcf.css]
[www.photoaccess.org.au/wp-includes/css/dist/block-library/style.min3c21.css]
[www.photoaccess.org.au/wp-content/plugins/woocommerce/assets/css/woocommerce-layoute248.css]
[www.photoaccess.org.au/wp-content/plugins/woocommerce/assets/css/woocommerce-smallscreene248.css]
[www.photoaccess.org.au/wp-json/oembed/1.0/embedccf3]
[www.photoaccess.org.au/wp-json/oembed/1.0/embed9d0e]
[www.photoaccess.org.au/wp-json/oembed/1.0/embed3e13]
[www.photoaccess.org.au/wp-json/oembed/1.0/embedab23]
[www.photoaccess.org.au/wp-json/oembed/1.0/embede3c4]
[www.photoaccess.org.au/wp-content/plugins/woocommerce/assets/fonts/star.eot]
[www.photoaccess.org.au/wp-json/oembed/1.0/embedc174]
[www.photoaccess.org.au/wp-json/oembed/1.0/embedc07d]
[www.photoaccess.org.au/wp-json/oembed/1.0/embed151f]
[www.photoaccess.org.au/wp-content/plugins/woocommerce/assets/fonts/stard41d.eot]
[www.photoaccess.org.au/wp-json/oembed/1.0/embedb508]
[www.photoaccess.org.au/wp-content/plugins/woocommerce/assets/fonts/star.woff]
[www.photoaccess.org.au/wp-json/oembed/1.0/embed5bf8]
[www.photoaccess.org.au/wp-json/oembed/1.0/embed72ea]
[www.photoaccess.org.au/wp-content/plugins/woocommerce/assets/fonts/star.ttf]
[www.photoaccess.org.au/wp-json/oembed/1.0/embed5aae]
[www.photoaccess.org.au/wp-content/plugins/woocommerce/assets/fonts/star.svg]
[www.photoaccess.org.au/wp-json/oembed/1.0/embed6d52]
[www.photoaccess.org.au/wp-content/plugins/woocommerce/assets/fonts/WooCommerce.eot]
[www.photoaccess.org.au/wp-json/oembed/1.0/embedec8f]
[www.photoaccess.org.au/wp-json/oembed/1.0/embede283]
[www.photoaccess.org.au/wp-json/oembed/1.0/embed12de]
[www.photoaccess.org.au/wp-content/plugins/woocommerce/assets/fonts/WooCommerced41d.eot]
[www.photoaccess.org.au/wp-json/oembed/1.0/embed4086]
[www.photoaccess.org.au/wp-content/plugins/woocommerce/assets/fonts/WooCommerce.woff]
[www.photoaccess.org.au/wp-json/oembed/1.0/embed96b9]
[www.photoaccess.org.au/wp-json/oembed/1.0/embed703c]
[www.photoaccess.org.au/wp-content/plugins/woocommerce/assets/fonts/WooCommerce.ttf]
[www.photoaccess.org.au/wp-json/oembed/1.0/embeda172]
[www.photoaccess.org.au/wp-content/plugins/woocommerce/assets/fonts/WooCommerce.svg]
[www.photoaccess.org.au/wp-json/oembed/1.0/embeddddc]
[www.photoaccess.org.au/wp-json/oembed/1.0/embed97a8]
[www.photoaccess.org.au/wp-content/plugins/woocommerce/assets/images/icons/loader.svg]
[www.photoaccess.org.au/wp-json/oembed/1.0/embed831e]
[www.photoaccess.org.au/wp-content/plugins/woocommerce/assets/images/icons/credit-cards/visa.svg]
[www.photoaccess.org.au/wp-json/oembed/1.0/embede40b]
[www.photoaccess.org.au/wp-content/plugins/woocommerce/assets/images/icons/credit-cards/mastercard.svg]
[www.photoaccess.org.au/wp-json/oembed/1.0/embed12a8]
[www.photoaccess.org.au/wp-json/oembed/1.0/embed4484]
[www.photoaccess.org.au/wp-content/plugins/woocommerce/assets/images/icons/credit-cards/laser.svg]
[www.photoaccess.org.au/wp-json/oembed/1.0/embedc284]
[www.photoaccess.org.au/wp-content/plugins/woocommerce/assets/images/icons/credit-cards/diners.svg]
[www.photoaccess.org.au/wp-json/oembed/1.0/embed7dcf]
[www.photoaccess.org.au/wp-content/plugins/woocommerce/assets/images/icons/credit-cards/maestro.svg]
[www.photoaccess.org.au/wp-json/oembed/1.0/embedb177]
[www.photoaccess.org.au/wp-json/oembed/1.0/embed5468]
[www.photoaccess.org.au/wp-content/plugins/woocommerce/assets/images/icons/credit-cards/jcb.svg]
[www.photoaccess.org.au/wp-json/oembed/1.0/embedacad]
[www.photoaccess.org.au/wp-json/oembed/1.0/embed9044]
[www.photoaccess.org.au/wp-content/plugins/woocommerce/assets/images/icons/credit-cards/amex.svg]
[www.photoaccess.org.au/wp-json/oembed/1.0/embed1c64]
[www.photoaccess.org.au/wp-content/plugins/woocommerce/assets/images/icons/credit-cards/discover.svg]
[www.photoaccess.org.au/wp-content/plugins/woocommerce/assets/css/woocommercee248.css]
[www.photoaccess.org.au/wp-content/plugins/woocommerce-memberships/assets/css/frontend/wc-memberships-frontend.min055b.css]
[www.photoaccess.org.au/xmlrpc0db0.php]
[www.photoaccess.org.au/wp-json/oembed/1.0/embedb595]
[www.photoaccess.org.au/wp-json/oembed/1.0/embedd5fe]
[www.photoaccess.org.au/wp-json/oembed/1.0/embedaf55]
[www.photoaccess.org.au/wp-json/oembed/1.0/embed3ad7]
[www.photoaccess.org.au/wp-json/oembed/1.0/embed00f2.json]
[www.photoaccess.org.au/wp-json/oembed/1.0/embed00f2.json]
[www.photoaccess.org.au/wp-json/oembed/1.0/embed1e1b]
[www.photoaccess.org.au/wp-json/oembed/1.0/embed4882]
[www.photoaccess.org.au/wp-json/oembed/1.0/embed479f]
[www.photoaccess.org.au/wp-content/plugins/gravityforms/css/formreset.min2f91.css]
[www.photoaccess.org.au/wp-json/oembed/1.0/embed2856]
[www.photoaccess.org.au/wp-json/oembed/1.0/embeda47b]
[www.photoaccess.org.au/wp-json/oembed/1.0/embed0370]
[www.photoaccess.org.au/wp-json/oembed/1.0/embed12c0]
[www.photoaccess.org.au/wp-content/plugins/gravityforms/images/gf-creditcard-icons.png]
[www.photoaccess.org.au/wp-json/oembed/1.0/embedcbb3]
[www.photoaccess.org.au/wp-json/oembed/1.0/embeda04f]
[www.photoaccess.org.au/wp-content/plugins/gravityforms/css/chosen-sprite.png]
[www.photoaccess.org.au/wp-json/oembed/1.0/embed8dce]
[www.photoaccess.org.au/wp-json/oembed/1.0/embed8cb8]
[www.photoaccess.org.au/wp-content/plugins/gravityforms/css/chosen-sprite@2x.png]
[www.photoaccess.org.au/wp-content/plugins/gravityforms/css/formsmain.min2f91.css]
[www.photoaccess.org.au/wp-content/plugins/gravityforms/css/readyclass.min2f91.css]
[www.photoaccess.org.au/wp-content/plugins/gravityforms/css/browsers.min2f91.css]
[www.photoaccess.org.au/wp-json/oembed/1.0/embed417b]
[www.photoaccess.org.au/wp-json/oembed/1.0/embed7580]
[www.photoaccess.org.au/wp-json/oembed/1.0/embedb452]
[www.photoaccess.org.au/wp-content/plugins/gravityformsstripe/css/frontendfc99.css]
[www.photoaccess.org.au/wp-json/oembed/1.0/embed746b]
[www.photoaccess.org.au/wp-json/oembed/1.0/embed9d69]
[www.photoaccess.org.au/wp-json/oembed/1.0/embed6982]
[www.photoaccess.org.au/wp-json/oembed/1.0/embed6f52]
[www.photoaccess.org.au/wp-json/oembed/1.0/embed7a44]
[www.photoaccess.org.au/wp-json/oembed/1.0/embed3a7e]
[www.photoaccess.org.au/wp-json/oembed/1.0/embeda21f]
[www.photoaccess.org.au/wp-json/oembed/1.0/embedb8a8]
[www.photoaccess.org.au/wp-json/oembed/1.0/embed6174]
[www.photoaccess.org.au/wp-json/oembed/1.0/embedf488]
[cdnjs.cloudflare.com/ajax/libs/select2/4.0.3/css/select2.min.css]
[www.photoaccess.org.au/wp-json/oembed/1.0/embed9552]
[www.photoaccess.org.au/wp-json/oembed/1.0/embedb6a9]
[www.photoaccess.org.au/wp-json/oembed/1.0/embed90a1]
[www.photoaccess.org.au/wp-json/oembed/1.0/embed6c4b]
[www.photoaccess.org.au/wp-json/oembed/1.0/embed12fd-2]
[www.photoaccess.org.au/wp-json/oembed/1.0/embed4f9f]
[www.photoaccess.org.au/wp-json/oembed/1.0/embed165d]
[www.photoaccess.org.au/wp-json/oembed/1.0/embed6856]
[www.photoaccess.org.au/wp-content/themes/photoaccess/fonts/Larsseit/Larsseit-Medium.eot]
[www.photoaccess.org.au/wp-content/themes/photoaccess/assets-built/fonts/fontawesome-webfont3e6e.ttf]
[www.photoaccess.org.au/wp-content/themes/photoaccess/assets-built/fonts/fontawesome-webfont3e6e.woff2]
[www.photoaccess.org.au/wp-content/themes/photoaccess/assets-built/fonts/fontawesome-webfont3e6e.woff]
[www.photoaccess.org.au/wp-content/plugins/woocommerce/assets/js/jquery-blockui/jquery.blockUI.min44fd.js]
[www.photoaccess.org.au/wp-content/themes/photoaccess/fonts/Larsseit/Larsseit-Mediumd41d.eot]
[www.photoaccess.org.au/wp-content/themes/photoaccess/fonts/Larsseit/Larsseit-Medium.woff]
[www.photoaccess.org.au/wp-content/uploads/2019/03/2017AnnualReport_FINAL.pdf]
[www.photoaccess.org.au/wp-content/themes/photoaccess/fonts/Larsseit/Larsseit-Medium.ttf]
[www.photoaccess.org.au/wp-content/themes/photoaccess/fonts/Larsseit/Larsseit-ExtraBoldItalic.eot]
[www.photoaccess.org.au/wp-content/themes/photoaccess/fonts/Larsseit/Larsseit-ExtraBoldItalicd41d.eot]
[www.photoaccess.org.au/wp-content/themes/photoaccess/fonts/Larsseit/Larsseit-ExtraBoldItalic.woff]
[www.photoaccess.org.au/wp-content/themes/photoaccess/fonts/Larsseit/Larsseit-ExtraBoldItalic.ttf]
[www.photoaccess.org.au/wp-content/themes/photoaccess/fonts/Larsseit/Larsseit-ExtraBold.eot]
[www.photoaccess.org.au/wp-content/themes/photoaccess/fonts/Larsseit/Larsseit-ExtraBoldd41d.eot]
[www.photoaccess.org.au/wp-content/themes/photoaccess/fonts/Larsseit/Larsseit-ExtraBold.woff]
[www.photoaccess.org.au/wp-content/themes/photoaccess/fonts/Larsseit/Larsseit-ExtraBold.ttf]
[www.photoaccess.org.au/wp-content/themes/photoaccess/fonts/Larsseit/Larsseit-BoldItalic.eot]
[www.photoaccess.org.au/wp-content/themes/photoaccess/fonts/Larsseit/Larsseit-BoldItalicd41d.eot]
[www.photoaccess.org.au/wp-content/themes/photoaccess/fonts/Larsseit/Larsseit-BoldItalic.woff]
[www.photoaccess.org.au/wp-content/themes/photoaccess/fonts/Larsseit/Larsseit-BoldItalic.ttf]
[www.photoaccess.org.au/wp-content/themes/photoaccess/fonts/Larsseit/Larsseit-Italic.eot]
[www.photoaccess.org.au/wp-content/themes/photoaccess/fonts/Larsseit/Larsseit-Italicd41d.eot]
[www.photoaccess.org.au/wp-content/themes/photoaccess/fonts/Larsseit/Larsseit-Italic.woff]
[www.photoaccess.org.au/wp-content/themes/photoaccess/fonts/Larsseit/Larsseit-Italic.ttf]
[www.photoaccess.org.au/wp-content/themes/photoaccess/fonts/Larsseit/Larsseit-Thin.eot]
[www.photoaccess.org.au/wp-content/themes/photoaccess/fonts/Larsseit/Larsseit-Thind41d.eot]
[www.photoaccess.org.au/wp-content/themes/photoaccess/fonts/Larsseit/Larsseit-Thin.woff]
[www.photoaccess.org.au/wp-content/themes/photoaccess/fonts/Larsseit/Larsseit-Thin.ttf]
[www.photoaccess.org.au/wp-content/themes/photoaccess/fonts/Larsseit/Larsseit-MediumItalic.eot]
[www.photoaccess.org.au/wp-content/themes/photoaccess/fonts/Larsseit/Larsseit-MediumItalicd41d.eot]
[www.photoaccess.org.au/wp-content/themes/photoaccess/fonts/Larsseit/Larsseit-MediumItalic.woff]
[www.photoaccess.org.au/wp-content/themes/photoaccess/fonts/Larsseit/Larsseit-MediumItalic.ttf]
[www.photoaccess.org.au/wp-content/themes/photoaccess/fonts/Larsseit/Larsseit.eot]
[www.photoaccess.org.au/wp-content/themes/photoaccess/fonts/Larsseit/Larsseitd41d.eot]
[www.photoaccess.org.au/wp-content/themes/photoaccess/fonts/Larsseit/Larsseit.woff]
[www.photoaccess.org.au/wp-content/themes/photoaccess/fonts/Larsseit/Larsseit.ttf]
[www.photoaccess.org.au/wp-content/themes/photoaccess/fonts/Larsseit/Larsseit-Light.eot]
[www.photoaccess.org.au/wp-content/themes/photoaccess/fonts/Larsseit/Larsseit-Lightd41d.eot]
[www.photoaccess.org.au/wp-content/themes/photoaccess/fonts/Larsseit/Larsseit-Light.woff]
[www.photoaccess.org.au/wp-content/themes/photoaccess/fonts/Larsseit/Larsseit-Light.ttf]
[www.photoaccess.org.au/wp-content/themes/photoaccess/fonts/Larsseit/Larsseit-ThinItalic.eot]
[www.photoaccess.org.au/wp-content/themes/photoaccess/fonts/Larsseit/Larsseit-ThinItalicd41d.eot]
[www.photoaccess.org.au/wp-content/themes/photoaccess/fonts/Larsseit/Larsseit-ThinItalic.woff]
[www.photoaccess.org.au/wp-content/themes/photoaccess/fonts/Larsseit/Larsseit-ThinItalic.ttf]
[www.photoaccess.org.au/wp-content/themes/photoaccess/fonts/Larsseit/Larsseit-Bold.eot]
[www.photoaccess.org.au/wp-content/themes/photoaccess/fonts/Larsseit/Larsseit-Boldd41d.eot]
[www.photoaccess.org.au/wp-content/themes/photoaccess/fonts/Larsseit/Larsseit-Bold.woff]
[www.photoaccess.org.au/wp-content/themes/photoaccess/fonts/Larsseit/Larsseit-Bold.ttf]
[www.photoaccess.org.au/wp-content/themes/photoaccess/fonts/Larsseit/Larsseit-LightItalic.eot]
[www.photoaccess.org.au/wp-content/themes/photoaccess/fonts/Larsseit/Larsseit-LightItalicd41d.eot]
[www.photoaccess.org.au/wp-content/themes/photoaccess/fonts/Larsseit/Larsseit-LightItalic.woff]
[www.photoaccess.org.au/wp-content/themes/photoaccess/fonts/Larsseit/stylesheet.css]
[www.photoaccess.org.au/wp-content/themes/photoaccess/assets-built/fonts/fontawesome-webfont3e6e.svg]
[www.photoaccess.org.au/wp-content/themes/photoaccess/assets-built/css/ajax-loader.html]
[www.photoaccess.org.au/wp-content/themes/photoaccess/assets-built/css/fonts/slick.html]
[www.photoaccess.org.au/wp-content/themes/photoaccess/assets-built/css/fonts/slickd41d.html]
[www.photoaccess.org.au/wp-content/themes/photoaccess/assets-built/css/fonts/slick-2.html]
[www.photoaccess.org.au/wp-content/themes/photoaccess/assets-built/css/fonts/slick-3.html]
[www.photoaccess.org.au/wp-content/themes/photoaccess/assets-built/css/fonts/slick-4.html]
[www.photoaccess.org.au/wp-content/themes/photoaccess/img/icon-standard.svg]
[www.photoaccess.org.au/wp-content/themes/photoaccess/img/icon-gallery.svg]
[www.photoaccess.org.au/wp-content/themes/photoaccess/img/icon-close.svg]
[www.photoaccess.org.au/wp-content/themes/photoaccess/img/icon-close-white.svg]
[www.photoaccess.org.au/wp-content/themes/photoaccess/img/icon-lock.svg]
[www.photoaccess.org.au/wp-content/plugins/woocommerce/assets/fonts/star.svg]
[www.photoaccess.org.au/wp-content/plugins/woocommerce/assets/fonts/WooCommerce.svg]
[www.photoaccess.org.au/wp-content/plugins/woocommerce/assets/images/icons/loader.svg]
[www.photoaccess.org.au/wp-content/plugins/woocommerce/assets/images/icons/credit-cards/visa.svg]
[www.photoaccess.org.au/wp-content/plugins/woocommerce/assets/images/icons/credit-cards/mastercard.svg]
[www.photoaccess.org.au/wp-content/plugins/woocommerce/assets/images/icons/credit-cards/laser.svg]
[www.photoaccess.org.au/wp-content/plugins/woocommerce/assets/images/icons/credit-cards/diners.svg]
[www.photoaccess.org.au/wp-content/plugins/woocommerce/assets/images/icons/credit-cards/maestro.svg]
[www.photoaccess.org.au/wp-content/plugins/woocommerce/assets/images/icons/credit-cards/jcb.svg]
[www.photoaccess.org.au/wp-content/plugins/woocommerce/assets/images/icons/credit-cards/amex.svg]
[www.photoaccess.org.au/wp-content/plugins/woocommerce/assets/images/icons/credit-cards/discover.svg]
[www.photoaccess.org.au/contact/index.html]
[www.photoaccess.org.au/wp-content/themes/photoaccess/fonts/Larsseit/Larsseit-LightItalic.ttf]
[www.photoaccess.org.au/index8372.html]
[www.photoaccess.org.au/event/how-to-write-an-exhibition-application/index.html]
[www.photoaccess.org.au/event/annual-general-meeting/index.html]
[www.photoaccess.org.au/indexb93f.html]
[www.photoaccess.org.au/indexba1b.html]
[www.photoaccess.org.au/see/exhibitions/tracing-silence/index.html]
[www.photoaccess.org.au/index4659.html]
[www.photoaccess.org.au/see/exhibitions/it-takes-a-village/index.html]
[www.photoaccess.org.au/index6aed.html]
[www.photoaccess.org.au/indexcc0f.html]
[www.photoaccess.org.au/learn/classes/back-to-the-darkroom/index.html]
[www.photoaccess.org.au/learn/classes/after-darkroom/index.html]
[www.photoaccess.org.au/learn/classes/plastic-fantastic/index.html]
[www.photoaccess.org.au/learn/classes/sunprinting-place/index.html]
[www.photoaccess.org.au/learn/classes/digital-photography-basics-autumn/index.html]
[www.photoaccess.org.au/learn/classes/digital-toolbox-lightroom/index.html]
[www.photoaccess.org.au/learn/classes/bakelite/index.html]
[www.photoaccess.org.au/learn/classes/introduction-to-black-and-white-darkroom/index.html]
[www.photoaccess.org.au/learn/classes/city-noir/index.html]
[www.photoaccess.org.au/index1c40.html]
[www.photoaccess.org.au/index269b.html]
[www.photoaccess.org.au/create/artists-in-residence/current-residents/index.html]
[www.photoaccess.org.au/create/artists-in-residence/call-out/index.html]
[www.photoaccess.org.au/create/artists-in-residence/archive/index.html]
[www.photoaccess.org.au/index2cce.html]
[www.photoaccess.org.au/index7665.html]
[www.photoaccess.org.au/index96f1.html]
[www.photoaccess.org.au/index8cae.html]
[www.photoaccess.org.au/index3fbb.html]
[www.photoaccess.org.au/indexeffd.html]
[www.photoaccess.org.au/index8e15.html]
[www.photoaccess.org.au/join-support/supporters-partners/_blank.html]
[www.photoaccess.org.au/indexbde5.html]
[www.photoaccess.org.au/index287b.html]
[www.photoaccess.org.au/index735a.html]
[www.photoaccess.org.au/index6213.html]
[www.photoaccess.org.au/indexb018.html]
[www.photoaccess.org.au/index4579.html]
[www.photoaccess.org.au/index094d.html]
[www.photoaccess.org.au/index0885.html]
[www.photoaccess.org.au/indexa78d.html]
[www.photoaccess.org.au/indexe3b6.html]
[www.photoaccess.org.au/event/exhibition-openings-angus-mcgrath-mikhaila-jurkiewicz-tessa-rex/index.html]
[www.photoaccess.org.au/index6cf3.html]
[www.photoaccess.org.au/index1098.html]
[www.photoaccess.org.au/index49b1.html]
[www.photoaccess.org.au/indexfcdb.html]
[www.photoaccess.org.au/index3486.html]
[www.photoaccess.org.au/indexfb7a.html]
[www.photoaccess.org.au/index74cf.html]
[www.photoaccess.org.au/index3248.html]
[www.photoaccess.org.au/index2d92.html]
[www.photoaccess.org.au/index2483.html]
[www.photoaccess.org.au/index8fb9.html]
[www.photoaccess.org.au/index1085.html]
[www.photoaccess.org.au/index9eb5.html]
[www.photoaccess.org.au/index1911.html]
[www.photoaccess.org.au/index9d63.html]
[www.photoaccess.org.au/index9c2a.html]
[www.photoaccess.org.au/index078c.html]
[www.photoaccess.org.au/indexe47c.html]
[www.photoaccess.org.au/indexc185.html]
[www.photoaccess.org.au/indexb913.html]
[www.photoaccess.org.au/index9934.html]
[www.photoaccess.org.au/indexd560.html]
[www.photoaccess.org.au/index6fbf.html]
[www.photoaccess.org.au/indexdc83.html]
[www.photoaccess.org.au/event/artists-in-conversation/index.html]
[www.photoaccess.org.au/index3b28.html]
[www.photoaccess.org.au/index11bd.html]
[www.photoaccess.org.au/indexb663.html]
[www.photoaccess.org.au/join-support/membership/indexd225.html]
[www.photoaccess.org.au/index58dd.html]
[www.photoaccess.org.au/index904c.html]
[www.photoaccess.org.au/index1d4f.html]
[www.photoaccess.org.au/indexc78f.html]
[www.photoaccess.org.au/index4511.html]
[www.photoaccess.org.au/index7695.html]
[www.photoaccess.org.au/indexd59f.html]
[www.photoaccess.org.au/index621e.html]
[www.photoaccess.org.au/index3eeb.html]
[www.photoaccess.org.au/indexa69b.html]
[www.photoaccess.org.au/index3003.html]
[www.photoaccess.org.au/indexb09c.html]
[www.photoaccess.org.au/indexfb45.html]
[www.photoaccess.org.au/index80a2.html]
[www.photoaccess.org.au/index3e59.html]
[www.photoaccess.org.au/index6c69.html]
[www.photoaccess.org.au/index6cb3.html]
[www.photoaccess.org.au/index03e9.html]
[www.photoaccess.org.au/join-support/membership/indexe762.html]
[www.photoaccess.org.au/index9e83.html]
[www.photoaccess.org.au/indexa5f9.html]
[www.photoaccess.org.au/indexc9ac.html]
[www.photoaccess.org.au/index817f.html]
[www.photoaccess.org.au/index080f.html]
[www.photoaccess.org.au/indexea31.html]
[www.photoaccess.org.au/indexdb34.html]
[www.photoaccess.org.au/index7849.html]
[www.photoaccess.org.au/index6b6b.html]
[www.photoaccess.org.au/index5998.html]
[www.photoaccess.org.au/indexaa07.html]
[www.photoaccess.org.au/index01e4.html]
[www.photoaccess.org.au/index61a9.html]
[www.photoaccess.org.au/index4c2b.html]
[www.photoaccess.org.au/indexb4d9.html]
[www.photoaccess.org.au/indexead7.html]
[www.photoaccess.org.au/index2e31.html]
[www.photoaccess.org.au/index1031.html]
[www.photoaccess.org.au/index52e8.html]
[www.photoaccess.org.au/index4720.html]
[www.photoaccess.org.au/indexf454.html]
[www.photoaccess.org.au/indexbc9e.html]
[www.photoaccess.org.au/index820e.html]
[www.photoaccess.org.au/index3e8e.html]
[www.photoaccess.org.au/index67bc.html]
[www.photoaccess.org.au/index8e01.html]
[www.photoaccess.org.au/indexff23.html]
[www.photoaccess.org.au/index275f.html]
[www.photoaccess.org.au/indexcd03.html]
[www.photoaccess.org.au/index084d.html]
[www.photoaccess.org.au/indexeab1.html]
[www.photoaccess.org.au/index5e52.html]
[www.photoaccess.org.au/index483a.html]
[www.photoaccess.org.au/terms-and-conditions/index.html]
[www.photoaccess.org.au/index79d5.html]
[www.photoaccess.org.au/indexa8c3.html]
[www.photoaccess.org.au/index7237.html]
[www.photoaccess.org.au/indexba56.html]
[www.photoaccess.org.au/index149a.html]
[www.photoaccess.org.au/learn/classes/digital-toolbox-photoshop/index.html]
[www.photoaccess.org.au/index7556.html]
[www.photoaccess.org.au/indexd988.html]
[www.photoaccess.org.au/index9dd4.html]
[www.photoaccess.org.au/indexf7f8.html]
[www.photoaccess.org.au/indexd526.html]
[www.photoaccess.org.au/create/artists-in-residence/residencies/rory-king/index.html]
[www.photoaccess.org.au/index91ee.html]
[www.photoaccess.org.au/index3b37.html]
[www.photoaccess.org.au/indexc2d1.html]
[www.photoaccess.org.au/index082e.html]
[www.photoaccess.org.au/index1e14.html]
[www.photoaccess.org.au/index3be1.html]
[www.photoaccess.org.au/index881d.html]
[www.photoaccess.org.au/index7bb4.html]
[www.photoaccess.org.au/index7014.html]
[www.photoaccess.org.au/index2f6c.html]
[www.photoaccess.org.au/index9a65.html]
[www.photoaccess.org.au/indexa51f.html]
[www.photoaccess.org.au/index3c3e.html]
